
2017-01-14 14:19:28 8267  JingBaiHui.Common.DataBase.GetList
System.Data.SqlClient.SqlException：在与 SQL Server 建立连接时出现与网络相关的或特定于实例的错误。未找到或无法访问服务器。请验证实例名称是否正确并且 SQL Server 已配置为允许远程连接。 (provider: Named Pipes Provider, error: 40 - 无法打开到 SQL Server 的连接)
服务器名称:qds207592114.my3w.com,数据库名称:qds207592114_db
SQL命令: SELECT * FROM [dbo].[Equipment]  WHERE 1=1 
参数:
   在 System.Data.SqlClient.SqlInternalConnectionTds..ctor(DbConnectionPoolIdentity identity, SqlConnectionString connectionOptions, SqlCredential credential, Object providerInfo, String newPassword, SecureString newSecurePassword, Boolean redirectedUserInstance, SqlConnectionString userConnectionOptions, SessionData reconnectSessionData, DbConnectionPool pool, String accessToken, Boolean applyTransientFaultHandling)
   在 System.Data.SqlClient.SqlConnectionFactory.CreateConnection(DbConnectionOptions options, DbConnectionPoolKey poolKey, Object poolGroupProviderInfo, DbConnectionPool pool, DbConnection owningConnection, DbConnectionOptions userOptions)
   在 System.Data.ProviderBase.DbConnectionFactory.CreatePooledConnection(DbConnectionPool pool, DbConnection owningObject, DbConnectionOptions options, DbConnectionPoolKey poolKey, DbConnectionOptions userOptions)
   在 System.Data.ProviderBase.DbConnectionPool.CreateObject(DbConnection owningObject, DbConnectionOptions userOptions, DbConnectionInternal oldConnection)
   在 System.Data.ProviderBase.DbConnectionPool.UserCreateRequest(DbConnection owningObject, DbConnectionOptions userOptions, DbConnectionInternal oldConnection)
   在 System.Data.ProviderBase.DbConnectionPool.TryGetConnection(DbConnection owningObject, UInt32 waitForMultipleObjectsTimeout, Boolean allowCreate, Boolean onlyOneCheckConnection, DbConnectionOptions userOptions, DbConnectionInternal& connection)
   在 System.Data.ProviderBase.DbConnectionPool.TryGetConnection(DbConnection owningObject, TaskCompletionSource`1 retry, DbConnectionOptions userOptions, DbConnectionInternal& connection)
   在 System.Data.ProviderBase.DbConnectionFactory.TryGetConnection(DbConnection owningConnection, TaskCompletionSource`1 retry, DbConnectionOptions userOptions, DbConnectionInternal oldConnection, DbConnectionInternal& connection)
   在 System.Data.ProviderBase.DbConnectionInternal.TryOpenConnectionInternal(DbConnection outerConnection, DbConnectionFactory connectionFactory, TaskCompletionSource`1 retry, DbConnectionOptions userOptions)
   在 System.Data.SqlClient.SqlConnection.TryOpenInner(TaskCompletionSource`1 retry)
   在 System.Data.SqlClient.SqlConnection.TryOpen(TaskCompletionSource`1 retry)
   在 System.Data.SqlClient.SqlConnection.Open()
   在 JingBaiHui.Common.DataBase.GetList[T](EntityConverter`1 converter, DbCommand cmd) 位置 E:\MyProject\礼品卡兑换系统\礼品卡兑换系统\礼品卡兑换系统\JingBaiHui.Common\Helper\DBHelper.cs:行号 308


2017-01-14 14:19:28 8967  EquipmentManager.Controllers.Controllers.BaseController.OnException
System.Data.SqlClient.SqlException：在与 SQL Server 建立连接时出现与网络相关的或特定于实例的错误。未找到或无法访问服务器。请验证实例名称是否正确并且 SQL Server 已配置为允许远程连接。 (provider: Named Pipes Provider, error: 40 - 无法打开到 SQL Server 的连接)
   在 JingBaiHui.Common.DataBase.GetList[T](EntityConverter`1 converter, DbCommand cmd) 位置 E:\MyProject\礼品卡兑换系统\礼品卡兑换系统\礼品卡兑换系统\JingBaiHui.Common\Helper\DBHelper.cs:行号 322
   在 JingBaiHui.Common.DataBase.GetList[T](EntityConverter`1 converter, String cmdText, Dictionary`2 parameters, CommandType commandType) 位置 E:\MyProject\礼品卡兑换系统\礼品卡兑换系统\礼品卡兑换系统\JingBaiHui.Common\Helper\DBHelper.cs:行号 343
   在 JingBaiHui.Common.Helper.DataHelper.GetList[T](DataBase db, String sql, Dictionary`2 parameters, EntityConverter`1 converter) 位置 E:\MyProject\礼品卡兑换系统\礼品卡兑换系统\礼品卡兑换系统\JingBaiHui.Common\Helper\DataHelper.cs:行号 72
   在 EquipmentManager.Controllers.Dao.EquipmentDao.GetList(Equipment entity) 位置 E:\MyProject\github\EquipmentManager\EquipmentManager.Controllers\Dao\EquipmentDao.cs:行号 102
   在 EquipmentManager.Controllers.Provider.EquipmentProvider.GetList(Equipment entity) 位置 E:\MyProject\github\EquipmentManager\EquipmentManager.Controllers\Provider\EquipmentProvider.cs:行号 97
   在 EquipmentManager.Controllers.Provider.EquipmentProvider.GetRecordCount(Equipment searchEntity) 位置 E:\MyProject\github\EquipmentManager\EquipmentManager.Controllers\Provider\EquipmentProvider.cs:行号 120
   在 EquipmentManager.Controllers.Provider.EquipmentProvider.GetEasyUiDataList(Equipment entity, Int32 pageIndex, Int32 pageSize, String order) 位置 E:\MyProject\github\EquipmentManager\EquipmentManager.Controllers\Provider\EquipmentProvider.cs:行号 83
   在 EquipmentManager.Controllers.Controllers.EquipmentController.GetList(Equipment entity) 位置 E:\MyProject\github\EquipmentManager\EquipmentManager.Controllers\Controllers\EquipmentController.cs:行号 29
   在 lambda_method(Closure , ControllerBase , Object[] )
   在 System.Web.Mvc.ReflectedActionDescriptor.Execute(ControllerContext controllerContext, IDictionary`2 parameters)
   在 System.Web.Mvc.ControllerActionInvoker.InvokeActionMethod(ControllerContext controllerContext, ActionDescriptor actionDescriptor, IDictionary`2 parameters)
   在 System.Web.Mvc.Async.AsyncControllerActionInvoker.<BeginInvokeSynchronousActionMethod>b__39(IAsyncResult asyncResult, ActionInvocation innerInvokeState)
   在 System.Web.Mvc.Async.AsyncResultWrapper.WrappedAsyncResult`2.CallEndDelegate(IAsyncResult asyncResult)
   在 System.Web.Mvc.Async.AsyncControllerActionInvoker.EndInvokeActionMethod(IAsyncResult asyncResult)
   在 System.Web.Mvc.Async.AsyncControllerActionInvoker.AsyncInvocationWithFilters.<InvokeActionMethodFilterAsynchronouslyRecursive>b__3d()
   在 System.Web.Mvc.Async.AsyncControllerActionInvoker.AsyncInvocationWithFilters.<>c__DisplayClass46.<InvokeActionMethodFilterAsynchronouslyRecursive>b__3f()
   在 System.Web.Mvc.Async.AsyncControllerActionInvoker.EndInvokeActionMethodWithFilters(IAsyncResult asyncResult)
   在 System.Web.Mvc.Async.AsyncControllerActionInvoker.<>c__DisplayClass21.<>c__DisplayClass2b.<BeginInvokeAction>b__1c()
   在 System.Web.Mvc.Async.AsyncControllerActionInvoker.<>c__DisplayClass21.<BeginInvokeAction>b__1e(IAsyncResult asyncResult)


2017-01-14 16:08:36 6792  JingBaiHui.Common.DataBase.GetList
System.Data.SqlClient.SqlException：在与 SQL Server 建立连接时出现与网络相关的或特定于实例的错误。未找到或无法访问服务器。请验证实例名称是否正确并且 SQL Server 已配置为允许远程连接。 (provider: Named Pipes Provider, error: 40 - 无法打开到 SQL Server 的连接)
服务器名称:qds207592114.my3w.com,数据库名称:qds207592114_db
SQL命令: SELECT * FROM [dbo].[Tenant]  WHERE 1=1 
参数:
   在 System.Data.SqlClient.SqlInternalConnectionTds..ctor(DbConnectionPoolIdentity identity, SqlConnectionString connectionOptions, SqlCredential credential, Object providerInfo, String newPassword, SecureString newSecurePassword, Boolean redirectedUserInstance, SqlConnectionString userConnectionOptions, SessionData reconnectSessionData, DbConnectionPool pool, String accessToken, Boolean applyTransientFaultHandling)
   在 System.Data.SqlClient.SqlConnectionFactory.CreateConnection(DbConnectionOptions options, DbConnectionPoolKey poolKey, Object poolGroupProviderInfo, DbConnectionPool pool, DbConnection owningConnection, DbConnectionOptions userOptions)
   在 System.Data.ProviderBase.DbConnectionFactory.CreatePooledConnection(DbConnectionPool pool, DbConnection owningObject, DbConnectionOptions options, DbConnectionPoolKey poolKey, DbConnectionOptions userOptions)
   在 System.Data.ProviderBase.DbConnectionPool.CreateObject(DbConnection owningObject, DbConnectionOptions userOptions, DbConnectionInternal oldConnection)
   在 System.Data.ProviderBase.DbConnectionPool.UserCreateRequest(DbConnection owningObject, DbConnectionOptions userOptions, DbConnectionInternal oldConnection)
   在 System.Data.ProviderBase.DbConnectionPool.TryGetConnection(DbConnection owningObject, UInt32 waitForMultipleObjectsTimeout, Boolean allowCreate, Boolean onlyOneCheckConnection, DbConnectionOptions userOptions, DbConnectionInternal& connection)
   在 System.Data.ProviderBase.DbConnectionPool.TryGetConnection(DbConnection owningObject, TaskCompletionSource`1 retry, DbConnectionOptions userOptions, DbConnectionInternal& connection)
   在 System.Data.ProviderBase.DbConnectionFactory.TryGetConnection(DbConnection owningConnection, TaskCompletionSource`1 retry, DbConnectionOptions userOptions, DbConnectionInternal oldConnection, DbConnectionInternal& connection)
   在 System.Data.ProviderBase.DbConnectionInternal.TryOpenConnectionInternal(DbConnection outerConnection, DbConnectionFactory connectionFactory, TaskCompletionSource`1 retry, DbConnectionOptions userOptions)
   在 System.Data.SqlClient.SqlConnection.TryOpenInner(TaskCompletionSource`1 retry)
   在 System.Data.SqlClient.SqlConnection.TryOpen(TaskCompletionSource`1 retry)
   在 System.Data.SqlClient.SqlConnection.Open()
   在 JingBaiHui.Common.DataBase.GetList[T](EntityConverter`1 converter, DbCommand cmd) 位置 E:\MyProject\礼品卡兑换系统\礼品卡兑换系统\礼品卡兑换系统\JingBaiHui.Common\Helper\DBHelper.cs:行号 308


2017-01-14 16:08:36 6942  EquipmentManager.Controllers.Controllers.BaseController.OnException
System.Data.SqlClient.SqlException：在与 SQL Server 建立连接时出现与网络相关的或特定于实例的错误。未找到或无法访问服务器。请验证实例名称是否正确并且 SQL Server 已配置为允许远程连接。 (provider: Named Pipes Provider, error: 40 - 无法打开到 SQL Server 的连接)
   在 JingBaiHui.Common.DataBase.GetList[T](EntityConverter`1 converter, DbCommand cmd) 位置 E:\MyProject\礼品卡兑换系统\礼品卡兑换系统\礼品卡兑换系统\JingBaiHui.Common\Helper\DBHelper.cs:行号 322
   在 JingBaiHui.Common.DataBase.GetList[T](EntityConverter`1 converter, String cmdText, Dictionary`2 parameters, CommandType commandType) 位置 E:\MyProject\礼品卡兑换系统\礼品卡兑换系统\礼品卡兑换系统\JingBaiHui.Common\Helper\DBHelper.cs:行号 343
   在 JingBaiHui.Common.Helper.DataHelper.GetList[T](DataBase db, String sql, Dictionary`2 parameters, EntityConverter`1 converter) 位置 E:\MyProject\礼品卡兑换系统\礼品卡兑换系统\礼品卡兑换系统\JingBaiHui.Common\Helper\DataHelper.cs:行号 72
   在 EquipmentManager.Controllers.Dao.TenantDao.GetList(Tenant entity) 位置 E:\MyProject\github\EquipmentManager\EquipmentManager.Controllers\Dao\TenantDao.cs:行号 100
   在 EquipmentManager.Controllers.Provider.TenantProvider.GetList(Tenant entity) 位置 E:\MyProject\github\EquipmentManager\EquipmentManager.Controllers\Provider\TenantProvider.cs:行号 97
   在 EquipmentManager.Controllers.Provider.TenantProvider.GetRecordCount(Tenant searchEntity) 位置 E:\MyProject\github\EquipmentManager\EquipmentManager.Controllers\Provider\TenantProvider.cs:行号 120
   在 EquipmentManager.Controllers.Provider.TenantProvider.GetEasyUiDataList(Tenant entity, Int32 pageIndex, Int32 pageSize, String order) 位置 E:\MyProject\github\EquipmentManager\EquipmentManager.Controllers\Provider\TenantProvider.cs:行号 83
   在 EquipmentManager.Controllers.Controllers.TenantController.GetList(Tenant entity) 位置 E:\MyProject\github\EquipmentManager\EquipmentManager.Controllers\Controllers\TenantController.cs:行号 27
   在 lambda_method(Closure , ControllerBase , Object[] )
   在 System.Web.Mvc.ReflectedActionDescriptor.Execute(ControllerContext controllerContext, IDictionary`2 parameters)
   在 System.Web.Mvc.ControllerActionInvoker.InvokeActionMethod(ControllerContext controllerContext, ActionDescriptor actionDescriptor, IDictionary`2 parameters)
   在 System.Web.Mvc.Async.AsyncControllerActionInvoker.<BeginInvokeSynchronousActionMethod>b__39(IAsyncResult asyncResult, ActionInvocation innerInvokeState)
   在 System.Web.Mvc.Async.AsyncResultWrapper.WrappedAsyncResult`2.CallEndDelegate(IAsyncResult asyncResult)
   在 System.Web.Mvc.Async.AsyncControllerActionInvoker.EndInvokeActionMethod(IAsyncResult asyncResult)
   在 System.Web.Mvc.Async.AsyncControllerActionInvoker.AsyncInvocationWithFilters.<InvokeActionMethodFilterAsynchronouslyRecursive>b__3d()
   在 System.Web.Mvc.Async.AsyncControllerActionInvoker.AsyncInvocationWithFilters.<>c__DisplayClass46.<InvokeActionMethodFilterAsynchronouslyRecursive>b__3f()
   在 System.Web.Mvc.Async.AsyncControllerActionInvoker.EndInvokeActionMethodWithFilters(IAsyncResult asyncResult)
   在 System.Web.Mvc.Async.AsyncControllerActionInvoker.<>c__DisplayClass21.<>c__DisplayClass2b.<BeginInvokeAction>b__1c()
   在 System.Web.Mvc.Async.AsyncControllerActionInvoker.<>c__DisplayClass21.<BeginInvokeAction>b__1e(IAsyncResult asyncResult)


2017-01-14 16:58:04 7699  JingBaiHui.Common.DataBase.GetList
System.Data.SqlClient.SqlException：在与 SQL Server 建立连接时出现与网络相关的或特定于实例的错误。未找到或无法访问服务器。请验证实例名称是否正确并且 SQL Server 已配置为允许远程连接。 (provider: Named Pipes Provider, error: 40 - 无法打开到 SQL Server 的连接)
服务器名称:qds207592114.my3w.com,数据库名称:qds207592114_db
SQL命令: SELECT * FROM [dbo].[Equipment]  WHERE 1=1 
参数:
   在 System.Data.SqlClient.SqlInternalConnectionTds..ctor(DbConnectionPoolIdentity identity, SqlConnectionString connectionOptions, SqlCredential credential, Object providerInfo, String newPassword, SecureString newSecurePassword, Boolean redirectedUserInstance, SqlConnectionString userConnectionOptions, SessionData reconnectSessionData, DbConnectionPool pool, String accessToken, Boolean applyTransientFaultHandling)
   在 System.Data.SqlClient.SqlConnectionFactory.CreateConnection(DbConnectionOptions options, DbConnectionPoolKey poolKey, Object poolGroupProviderInfo, DbConnectionPool pool, DbConnection owningConnection, DbConnectionOptions userOptions)
   在 System.Data.ProviderBase.DbConnectionFactory.CreatePooledConnection(DbConnectionPool pool, DbConnection owningObject, DbConnectionOptions options, DbConnectionPoolKey poolKey, DbConnectionOptions userOptions)
   在 System.Data.ProviderBase.DbConnectionPool.CreateObject(DbConnection owningObject, DbConnectionOptions userOptions, DbConnectionInternal oldConnection)
   在 System.Data.ProviderBase.DbConnectionPool.UserCreateRequest(DbConnection owningObject, DbConnectionOptions userOptions, DbConnectionInternal oldConnection)
   在 System.Data.ProviderBase.DbConnectionPool.TryGetConnection(DbConnection owningObject, UInt32 waitForMultipleObjectsTimeout, Boolean allowCreate, Boolean onlyOneCheckConnection, DbConnectionOptions userOptions, DbConnectionInternal& connection)
   在 System.Data.ProviderBase.DbConnectionPool.TryGetConnection(DbConnection owningObject, TaskCompletionSource`1 retry, DbConnectionOptions userOptions, DbConnectionInternal& connection)
   在 System.Data.ProviderBase.DbConnectionFactory.TryGetConnection(DbConnection owningConnection, TaskCompletionSource`1 retry, DbConnectionOptions userOptions, DbConnectionInternal oldConnection, DbConnectionInternal& connection)
   在 System.Data.ProviderBase.DbConnectionInternal.TryOpenConnectionInternal(DbConnection outerConnection, DbConnectionFactory connectionFactory, TaskCompletionSource`1 retry, DbConnectionOptions userOptions)
   在 System.Data.SqlClient.SqlConnection.TryOpenInner(TaskCompletionSource`1 retry)
   在 System.Data.SqlClient.SqlConnection.TryOpen(TaskCompletionSource`1 retry)
   在 System.Data.SqlClient.SqlConnection.Open()
   在 JingBaiHui.Common.DataBase.GetList[T](EntityConverter`1 converter, DbCommand cmd) 位置 E:\MyProject\礼品卡兑换系统\礼品卡兑换系统\礼品卡兑换系统\JingBaiHui.Common\Helper\DBHelper.cs:行号 308


2017-01-14 16:58:04 7949  EquipmentManager.Controllers.Controllers.BaseController.OnException
System.Data.SqlClient.SqlException：在与 SQL Server 建立连接时出现与网络相关的或特定于实例的错误。未找到或无法访问服务器。请验证实例名称是否正确并且 SQL Server 已配置为允许远程连接。 (provider: Named Pipes Provider, error: 40 - 无法打开到 SQL Server 的连接)
   在 JingBaiHui.Common.DataBase.GetList[T](EntityConverter`1 converter, DbCommand cmd) 位置 E:\MyProject\礼品卡兑换系统\礼品卡兑换系统\礼品卡兑换系统\JingBaiHui.Common\Helper\DBHelper.cs:行号 322
   在 JingBaiHui.Common.DataBase.GetList[T](EntityConverter`1 converter, String cmdText, Dictionary`2 parameters, CommandType commandType) 位置 E:\MyProject\礼品卡兑换系统\礼品卡兑换系统\礼品卡兑换系统\JingBaiHui.Common\Helper\DBHelper.cs:行号 343
   在 JingBaiHui.Common.Helper.DataHelper.GetList[T](DataBase db, String sql, Dictionary`2 parameters, EntityConverter`1 converter) 位置 E:\MyProject\礼品卡兑换系统\礼品卡兑换系统\礼品卡兑换系统\JingBaiHui.Common\Helper\DataHelper.cs:行号 72
   在 EquipmentManager.Controllers.Dao.EquipmentDao.GetList(Equipment entity) 位置 E:\MyProject\github\EquipmentManager\EquipmentManager.Controllers\Dao\EquipmentDao.cs:行号 103
   在 EquipmentManager.Controllers.Provider.EquipmentProvider.GetList(Equipment entity) 位置 E:\MyProject\github\EquipmentManager\EquipmentManager.Controllers\Provider\EquipmentProvider.cs:行号 97
   在 EquipmentManager.Controllers.Provider.EquipmentProvider.GetRecordCount(Equipment searchEntity) 位置 E:\MyProject\github\EquipmentManager\EquipmentManager.Controllers\Provider\EquipmentProvider.cs:行号 120
   在 EquipmentManager.Controllers.Provider.EquipmentProvider.GetEasyUiDataList(Equipment entity, Int32 pageIndex, Int32 pageSize, String order) 位置 E:\MyProject\github\EquipmentManager\EquipmentManager.Controllers\Provider\EquipmentProvider.cs:行号 83
   在 EquipmentManager.Controllers.Controllers.EquipmentController.GetList(Equipment entity) 位置 E:\MyProject\github\EquipmentManager\EquipmentManager.Controllers\Controllers\EquipmentController.cs:行号 29
   在 lambda_method(Closure , ControllerBase , Object[] )
   在 System.Web.Mvc.ReflectedActionDescriptor.Execute(ControllerContext controllerContext, IDictionary`2 parameters)
   在 System.Web.Mvc.ControllerActionInvoker.InvokeActionMethod(ControllerContext controllerContext, ActionDescriptor actionDescriptor, IDictionary`2 parameters)
   在 System.Web.Mvc.Async.AsyncControllerActionInvoker.<BeginInvokeSynchronousActionMethod>b__39(IAsyncResult asyncResult, ActionInvocation innerInvokeState)
   在 System.Web.Mvc.Async.AsyncResultWrapper.WrappedAsyncResult`2.CallEndDelegate(IAsyncResult asyncResult)
   在 System.Web.Mvc.Async.AsyncControllerActionInvoker.EndInvokeActionMethod(IAsyncResult asyncResult)
   在 System.Web.Mvc.Async.AsyncControllerActionInvoker.AsyncInvocationWithFilters.<InvokeActionMethodFilterAsynchronouslyRecursive>b__3d()
   在 System.Web.Mvc.Async.AsyncControllerActionInvoker.AsyncInvocationWithFilters.<>c__DisplayClass46.<InvokeActionMethodFilterAsynchronouslyRecursive>b__3f()
   在 System.Web.Mvc.Async.AsyncControllerActionInvoker.EndInvokeActionMethodWithFilters(IAsyncResult asyncResult)
   在 System.Web.Mvc.Async.AsyncControllerActionInvoker.<>c__DisplayClass21.<>c__DisplayClass2b.<BeginInvokeAction>b__1c()
   在 System.Web.Mvc.Async.AsyncControllerActionInvoker.<>c__DisplayClass21.<BeginInvokeAction>b__1e(IAsyncResult asyncResult)


2017-01-14 17:04:27 8728  JingBaiHui.Common.DataBase.GetList
System.Data.SqlClient.SqlException：在与 SQL Server 建立连接时出现与网络相关的或特定于实例的错误。未找到或无法访问服务器。请验证实例名称是否正确并且 SQL Server 已配置为允许远程连接。 (provider: Named Pipes Provider, error: 40 - 无法打开到 SQL Server 的连接)
服务器名称:qds207592114.my3w.com,数据库名称:qds207592114_db
SQL命令: SELECT * FROM [dbo].[Equipment]  WHERE 1=1 
参数:
   在 System.Data.SqlClient.SqlInternalConnectionTds..ctor(DbConnectionPoolIdentity identity, SqlConnectionString connectionOptions, SqlCredential credential, Object providerInfo, String newPassword, SecureString newSecurePassword, Boolean redirectedUserInstance, SqlConnectionString userConnectionOptions, SessionData reconnectSessionData, DbConnectionPool pool, String accessToken, Boolean applyTransientFaultHandling)
   在 System.Data.SqlClient.SqlConnectionFactory.CreateConnection(DbConnectionOptions options, DbConnectionPoolKey poolKey, Object poolGroupProviderInfo, DbConnectionPool pool, DbConnection owningConnection, DbConnectionOptions userOptions)
   在 System.Data.ProviderBase.DbConnectionFactory.CreatePooledConnection(DbConnectionPool pool, DbConnection owningObject, DbConnectionOptions options, DbConnectionPoolKey poolKey, DbConnectionOptions userOptions)
   在 System.Data.ProviderBase.DbConnectionPool.CreateObject(DbConnection owningObject, DbConnectionOptions userOptions, DbConnectionInternal oldConnection)
   在 System.Data.ProviderBase.DbConnectionPool.UserCreateRequest(DbConnection owningObject, DbConnectionOptions userOptions, DbConnectionInternal oldConnection)
   在 System.Data.ProviderBase.DbConnectionPool.TryGetConnection(DbConnection owningObject, UInt32 waitForMultipleObjectsTimeout, Boolean allowCreate, Boolean onlyOneCheckConnection, DbConnectionOptions userOptions, DbConnectionInternal& connection)
   在 System.Data.ProviderBase.DbConnectionPool.TryGetConnection(DbConnection owningObject, TaskCompletionSource`1 retry, DbConnectionOptions userOptions, DbConnectionInternal& connection)
   在 System.Data.ProviderBase.DbConnectionFactory.TryGetConnection(DbConnection owningConnection, TaskCompletionSource`1 retry, DbConnectionOptions userOptions, DbConnectionInternal oldConnection, DbConnectionInternal& connection)
   在 System.Data.ProviderBase.DbConnectionInternal.TryOpenConnectionInternal(DbConnection outerConnection, DbConnectionFactory connectionFactory, TaskCompletionSource`1 retry, DbConnectionOptions userOptions)
   在 System.Data.SqlClient.SqlConnection.TryOpenInner(TaskCompletionSource`1 retry)
   在 System.Data.SqlClient.SqlConnection.TryOpen(TaskCompletionSource`1 retry)
   在 System.Data.SqlClient.SqlConnection.Open()
   在 JingBaiHui.Common.DataBase.GetList[T](EntityConverter`1 converter, DbCommand cmd) 位置 E:\MyProject\礼品卡兑换系统\礼品卡兑换系统\礼品卡兑换系统\JingBaiHui.Common\Helper\DBHelper.cs:行号 308


2017-01-14 17:04:27 8788  EquipmentManager.Controllers.Controllers.BaseController.OnException
System.Data.SqlClient.SqlException：在与 SQL Server 建立连接时出现与网络相关的或特定于实例的错误。未找到或无法访问服务器。请验证实例名称是否正确并且 SQL Server 已配置为允许远程连接。 (provider: Named Pipes Provider, error: 40 - 无法打开到 SQL Server 的连接)
   在 JingBaiHui.Common.DataBase.GetList[T](EntityConverter`1 converter, DbCommand cmd) 位置 E:\MyProject\礼品卡兑换系统\礼品卡兑换系统\礼品卡兑换系统\JingBaiHui.Common\Helper\DBHelper.cs:行号 322
   在 JingBaiHui.Common.DataBase.GetList[T](EntityConverter`1 converter, String cmdText, Dictionary`2 parameters, CommandType commandType) 位置 E:\MyProject\礼品卡兑换系统\礼品卡兑换系统\礼品卡兑换系统\JingBaiHui.Common\Helper\DBHelper.cs:行号 343
   在 JingBaiHui.Common.Helper.DataHelper.GetList[T](DataBase db, String sql, Dictionary`2 parameters, EntityConverter`1 converter) 位置 E:\MyProject\礼品卡兑换系统\礼品卡兑换系统\礼品卡兑换系统\JingBaiHui.Common\Helper\DataHelper.cs:行号 72
   在 EquipmentManager.Controllers.Dao.EquipmentDao.GetList(Equipment entity) 位置 E:\MyProject\github\EquipmentManager\EquipmentManager.Controllers\Dao\EquipmentDao.cs:行号 103
   在 EquipmentManager.Controllers.Provider.EquipmentProvider.GetList(Equipment entity) 位置 E:\MyProject\github\EquipmentManager\EquipmentManager.Controllers\Provider\EquipmentProvider.cs:行号 97
   在 EquipmentManager.Controllers.Provider.EquipmentProvider.GetRecordCount(Equipment searchEntity) 位置 E:\MyProject\github\EquipmentManager\EquipmentManager.Controllers\Provider\EquipmentProvider.cs:行号 120
   在 EquipmentManager.Controllers.Provider.EquipmentProvider.GetEasyUiDataList(Equipment entity, Int32 pageIndex, Int32 pageSize, String order) 位置 E:\MyProject\github\EquipmentManager\EquipmentManager.Controllers\Provider\EquipmentProvider.cs:行号 83
   在 EquipmentManager.Controllers.Controllers.EquipmentController.GetList(Equipment entity) 位置 E:\MyProject\github\EquipmentManager\EquipmentManager.Controllers\Controllers\EquipmentController.cs:行号 29
   在 lambda_method(Closure , ControllerBase , Object[] )
   在 System.Web.Mvc.ReflectedActionDescriptor.Execute(ControllerContext controllerContext, IDictionary`2 parameters)
   在 System.Web.Mvc.ControllerActionInvoker.InvokeActionMethod(ControllerContext controllerContext, ActionDescriptor actionDescriptor, IDictionary`2 parameters)
   在 System.Web.Mvc.Async.AsyncControllerActionInvoker.<BeginInvokeSynchronousActionMethod>b__39(IAsyncResult asyncResult, ActionInvocation innerInvokeState)
   在 System.Web.Mvc.Async.AsyncResultWrapper.WrappedAsyncResult`2.CallEndDelegate(IAsyncResult asyncResult)
   在 System.Web.Mvc.Async.AsyncControllerActionInvoker.EndInvokeActionMethod(IAsyncResult asyncResult)
   在 System.Web.Mvc.Async.AsyncControllerActionInvoker.AsyncInvocationWithFilters.<InvokeActionMethodFilterAsynchronouslyRecursive>b__3d()
   在 System.Web.Mvc.Async.AsyncControllerActionInvoker.AsyncInvocationWithFilters.<>c__DisplayClass46.<InvokeActionMethodFilterAsynchronouslyRecursive>b__3f()
   在 System.Web.Mvc.Async.AsyncControllerActionInvoker.EndInvokeActionMethodWithFilters(IAsyncResult asyncResult)
   在 System.Web.Mvc.Async.AsyncControllerActionInvoker.<>c__DisplayClass21.<>c__DisplayClass2b.<BeginInvokeAction>b__1c()
   在 System.Web.Mvc.Async.AsyncControllerActionInvoker.<>c__DisplayClass21.<BeginInvokeAction>b__1e(IAsyncResult asyncResult)


2017-01-14 18:49:07 4292  JingBaiHui.Common.DataBase.GetList
System.Data.SqlClient.SqlException：在与 SQL Server 建立连接时出现与网络相关的或特定于实例的错误。未找到或无法访问服务器。请验证实例名称是否正确并且 SQL Server 已配置为允许远程连接。 (provider: Named Pipes Provider, error: 40 - 无法打开到 SQL Server 的连接)
服务器名称:qds207592114.my3w.com,数据库名称:qds207592114_db
SQL命令: SELECT * FROM [dbo].[Role]  WHERE 1=1 
参数:
   在 System.Data.SqlClient.SqlInternalConnectionTds..ctor(DbConnectionPoolIdentity identity, SqlConnectionString connectionOptions, SqlCredential credential, Object providerInfo, String newPassword, SecureString newSecurePassword, Boolean redirectedUserInstance, SqlConnectionString userConnectionOptions, SessionData reconnectSessionData, DbConnectionPool pool, String accessToken, Boolean applyTransientFaultHandling)
   在 System.Data.SqlClient.SqlConnectionFactory.CreateConnection(DbConnectionOptions options, DbConnectionPoolKey poolKey, Object poolGroupProviderInfo, DbConnectionPool pool, DbConnection owningConnection, DbConnectionOptions userOptions)
   在 System.Data.ProviderBase.DbConnectionFactory.CreatePooledConnection(DbConnectionPool pool, DbConnection owningObject, DbConnectionOptions options, DbConnectionPoolKey poolKey, DbConnectionOptions userOptions)
   在 System.Data.ProviderBase.DbConnectionPool.CreateObject(DbConnection owningObject, DbConnectionOptions userOptions, DbConnectionInternal oldConnection)
   在 System.Data.ProviderBase.DbConnectionPool.UserCreateRequest(DbConnection owningObject, DbConnectionOptions userOptions, DbConnectionInternal oldConnection)
   在 System.Data.ProviderBase.DbConnectionPool.TryGetConnection(DbConnection owningObject, UInt32 waitForMultipleObjectsTimeout, Boolean allowCreate, Boolean onlyOneCheckConnection, DbConnectionOptions userOptions, DbConnectionInternal& connection)
   在 System.Data.ProviderBase.DbConnectionPool.TryGetConnection(DbConnection owningObject, TaskCompletionSource`1 retry, DbConnectionOptions userOptions, DbConnectionInternal& connection)
   在 System.Data.ProviderBase.DbConnectionFactory.TryGetConnection(DbConnection owningConnection, TaskCompletionSource`1 retry, DbConnectionOptions userOptions, DbConnectionInternal oldConnection, DbConnectionInternal& connection)
   在 System.Data.ProviderBase.DbConnectionInternal.TryOpenConnectionInternal(DbConnection outerConnection, DbConnectionFactory connectionFactory, TaskCompletionSource`1 retry, DbConnectionOptions userOptions)
   在 System.Data.SqlClient.SqlConnection.TryOpenInner(TaskCompletionSource`1 retry)
   在 System.Data.SqlClient.SqlConnection.TryOpen(TaskCompletionSource`1 retry)
   在 System.Data.SqlClient.SqlConnection.Open()
   在 JingBaiHui.Common.DataBase.GetList[T](EntityConverter`1 converter, DbCommand cmd) 位置 E:\MyProject\礼品卡兑换系统\礼品卡兑换系统\礼品卡兑换系统\JingBaiHui.Common\Helper\DBHelper.cs:行号 308


2017-01-14 18:49:07 4402  EquipmentManager.Controllers.Controllers.BaseController.OnException
System.Data.SqlClient.SqlException：在与 SQL Server 建立连接时出现与网络相关的或特定于实例的错误。未找到或无法访问服务器。请验证实例名称是否正确并且 SQL Server 已配置为允许远程连接。 (provider: Named Pipes Provider, error: 40 - 无法打开到 SQL Server 的连接)
   在 JingBaiHui.Common.DataBase.GetList[T](EntityConverter`1 converter, DbCommand cmd) 位置 E:\MyProject\礼品卡兑换系统\礼品卡兑换系统\礼品卡兑换系统\JingBaiHui.Common\Helper\DBHelper.cs:行号 322
   在 JingBaiHui.Common.DataBase.GetList[T](EntityConverter`1 converter, String cmdText, Dictionary`2 parameters, CommandType commandType) 位置 E:\MyProject\礼品卡兑换系统\礼品卡兑换系统\礼品卡兑换系统\JingBaiHui.Common\Helper\DBHelper.cs:行号 343
   在 JingBaiHui.Common.Helper.DataHelper.GetList[T](DataBase db, String sql, Dictionary`2 parameters, EntityConverter`1 converter) 位置 E:\MyProject\礼品卡兑换系统\礼品卡兑换系统\礼品卡兑换系统\JingBaiHui.Common\Helper\DataHelper.cs:行号 72
   在 EquipmentManager.Controllers.Dao.RoleDao.GetList(Role entity) 位置 E:\MyProject\github\EquipmentManager\EquipmentManager.Controllers\Dao\RoleDao.cs:行号 99
   在 EquipmentManager.Controllers.Provider.RoleProvider.GetList(Role entity) 位置 E:\MyProject\github\EquipmentManager\EquipmentManager.Controllers\Provider\RoleProvider.cs:行号 97
   在 EquipmentManager.Controllers.Provider.RoleProvider.GetRecordCount(Role searchEntity) 位置 E:\MyProject\github\EquipmentManager\EquipmentManager.Controllers\Provider\RoleProvider.cs:行号 120
   在 EquipmentManager.Controllers.Provider.RoleProvider.GetEasyUiDataList(Role entity, Int32 pageIndex, Int32 pageSize, String order) 位置 E:\MyProject\github\EquipmentManager\EquipmentManager.Controllers\Provider\RoleProvider.cs:行号 83
   在 EquipmentManager.Controllers.Controllers.RoleController.GetList(Role entity) 位置 E:\MyProject\github\EquipmentManager\EquipmentManager.Controllers\Controllers\RoleController.cs:行号 28
   在 lambda_method(Closure , ControllerBase , Object[] )
   在 System.Web.Mvc.ReflectedActionDescriptor.Execute(ControllerContext controllerContext, IDictionary`2 parameters)
   在 System.Web.Mvc.ControllerActionInvoker.InvokeActionMethod(ControllerContext controllerContext, ActionDescriptor actionDescriptor, IDictionary`2 parameters)
   在 System.Web.Mvc.Async.AsyncControllerActionInvoker.<BeginInvokeSynchronousActionMethod>b__39(IAsyncResult asyncResult, ActionInvocation innerInvokeState)
   在 System.Web.Mvc.Async.AsyncResultWrapper.WrappedAsyncResult`2.CallEndDelegate(IAsyncResult asyncResult)
   在 System.Web.Mvc.Async.AsyncControllerActionInvoker.EndInvokeActionMethod(IAsyncResult asyncResult)
   在 System.Web.Mvc.Async.AsyncControllerActionInvoker.AsyncInvocationWithFilters.<InvokeActionMethodFilterAsynchronouslyRecursive>b__3d()
   在 System.Web.Mvc.Async.AsyncControllerActionInvoker.AsyncInvocationWithFilters.<>c__DisplayClass46.<InvokeActionMethodFilterAsynchronouslyRecursive>b__3f()
   在 System.Web.Mvc.Async.AsyncControllerActionInvoker.EndInvokeActionMethodWithFilters(IAsyncResult asyncResult)
   在 System.Web.Mvc.Async.AsyncControllerActionInvoker.<>c__DisplayClass21.<>c__DisplayClass2b.<BeginInvokeAction>b__1c()
   在 System.Web.Mvc.Async.AsyncControllerActionInvoker.<>c__DisplayClass21.<BeginInvokeAction>b__1e(IAsyncResult asyncResult)


2017-01-14 18:55:11 7300  JingBaiHui.Common.DataBase.GetList
System.Data.SqlClient.SqlException：在与 SQL Server 建立连接时出现与网络相关的或特定于实例的错误。未找到或无法访问服务器。请验证实例名称是否正确并且 SQL Server 已配置为允许远程连接。 (provider: Named Pipes Provider, error: 40 - 无法打开到 SQL Server 的连接)
服务器名称:qds207592114.my3w.com,数据库名称:qds207592114_db
SQL命令: SELECT * FROM [dbo].[User]  WHERE 1=1 
参数:
   在 System.Data.SqlClient.SqlInternalConnectionTds..ctor(DbConnectionPoolIdentity identity, SqlConnectionString connectionOptions, SqlCredential credential, Object providerInfo, String newPassword, SecureString newSecurePassword, Boolean redirectedUserInstance, SqlConnectionString userConnectionOptions, SessionData reconnectSessionData, DbConnectionPool pool, String accessToken, Boolean applyTransientFaultHandling)
   在 System.Data.SqlClient.SqlConnectionFactory.CreateConnection(DbConnectionOptions options, DbConnectionPoolKey poolKey, Object poolGroupProviderInfo, DbConnectionPool pool, DbConnection owningConnection, DbConnectionOptions userOptions)
   在 System.Data.ProviderBase.DbConnectionFactory.CreatePooledConnection(DbConnectionPool pool, DbConnection owningObject, DbConnectionOptions options, DbConnectionPoolKey poolKey, DbConnectionOptions userOptions)
   在 System.Data.ProviderBase.DbConnectionPool.CreateObject(DbConnection owningObject, DbConnectionOptions userOptions, DbConnectionInternal oldConnection)
   在 System.Data.ProviderBase.DbConnectionPool.UserCreateRequest(DbConnection owningObject, DbConnectionOptions userOptions, DbConnectionInternal oldConnection)
   在 System.Data.ProviderBase.DbConnectionPool.TryGetConnection(DbConnection owningObject, UInt32 waitForMultipleObjectsTimeout, Boolean allowCreate, Boolean onlyOneCheckConnection, DbConnectionOptions userOptions, DbConnectionInternal& connection)
   在 System.Data.ProviderBase.DbConnectionPool.TryGetConnection(DbConnection owningObject, TaskCompletionSource`1 retry, DbConnectionOptions userOptions, DbConnectionInternal& connection)
   在 System.Data.ProviderBase.DbConnectionFactory.TryGetConnection(DbConnection owningConnection, TaskCompletionSource`1 retry, DbConnectionOptions userOptions, DbConnectionInternal oldConnection, DbConnectionInternal& connection)
   在 System.Data.ProviderBase.DbConnectionInternal.TryOpenConnectionInternal(DbConnection outerConnection, DbConnectionFactory connectionFactory, TaskCompletionSource`1 retry, DbConnectionOptions userOptions)
   在 System.Data.SqlClient.SqlConnection.TryOpenInner(TaskCompletionSource`1 retry)
   在 System.Data.SqlClient.SqlConnection.TryOpen(TaskCompletionSource`1 retry)
   在 System.Data.SqlClient.SqlConnection.Open()
   在 JingBaiHui.Common.DataBase.GetList[T](EntityConverter`1 converter, DbCommand cmd) 位置 E:\MyProject\礼品卡兑换系统\礼品卡兑换系统\礼品卡兑换系统\JingBaiHui.Common\Helper\DBHelper.cs:行号 308


2017-01-14 18:55:11 7440  EquipmentManager.Controllers.Controllers.BaseController.OnException
System.Data.SqlClient.SqlException：在与 SQL Server 建立连接时出现与网络相关的或特定于实例的错误。未找到或无法访问服务器。请验证实例名称是否正确并且 SQL Server 已配置为允许远程连接。 (provider: Named Pipes Provider, error: 40 - 无法打开到 SQL Server 的连接)
   在 JingBaiHui.Common.DataBase.GetList[T](EntityConverter`1 converter, DbCommand cmd) 位置 E:\MyProject\礼品卡兑换系统\礼品卡兑换系统\礼品卡兑换系统\JingBaiHui.Common\Helper\DBHelper.cs:行号 322
   在 JingBaiHui.Common.DataBase.GetList[T](EntityConverter`1 converter, String cmdText, Dictionary`2 parameters, CommandType commandType) 位置 E:\MyProject\礼品卡兑换系统\礼品卡兑换系统\礼品卡兑换系统\JingBaiHui.Common\Helper\DBHelper.cs:行号 343
   在 JingBaiHui.Common.Helper.DataHelper.GetList[T](DataBase db, String sql, Dictionary`2 parameters, EntityConverter`1 converter) 位置 E:\MyProject\礼品卡兑换系统\礼品卡兑换系统\礼品卡兑换系统\JingBaiHui.Common\Helper\DataHelper.cs:行号 72
   在 EquipmentManager.Controllers.Dao.UserDao.GetList(User entity) 位置 E:\MyProject\github\EquipmentManager\EquipmentManager.Controllers\Dao\UserDao.cs:行号 101
   在 EquipmentManager.Controllers.Provider.UserProvider.GetList(User entity) 位置 E:\MyProject\github\EquipmentManager\EquipmentManager.Controllers\Provider\UserProvider.cs:行号 97
   在 EquipmentManager.Controllers.Provider.UserProvider.GetRecordCount(User searchEntity) 位置 E:\MyProject\github\EquipmentManager\EquipmentManager.Controllers\Provider\UserProvider.cs:行号 120
   在 EquipmentManager.Controllers.Provider.UserProvider.GetEasyUiDataList(User entity, Int32 pageIndex, Int32 pageSize, String order) 位置 E:\MyProject\github\EquipmentManager\EquipmentManager.Controllers\Provider\UserProvider.cs:行号 83
   在 EquipmentManager.Controllers.Controllers.UserController.GetList(User entity) 位置 E:\MyProject\github\EquipmentManager\EquipmentManager.Controllers\Controllers\UserController.cs:行号 28
   在 lambda_method(Closure , ControllerBase , Object[] )
   在 System.Web.Mvc.ReflectedActionDescriptor.Execute(ControllerContext controllerContext, IDictionary`2 parameters)
   在 System.Web.Mvc.ControllerActionInvoker.InvokeActionMethod(ControllerContext controllerContext, ActionDescriptor actionDescriptor, IDictionary`2 parameters)
   在 System.Web.Mvc.Async.AsyncControllerActionInvoker.<BeginInvokeSynchronousActionMethod>b__39(IAsyncResult asyncResult, ActionInvocation innerInvokeState)
   在 System.Web.Mvc.Async.AsyncResultWrapper.WrappedAsyncResult`2.CallEndDelegate(IAsyncResult asyncResult)
   在 System.Web.Mvc.Async.AsyncControllerActionInvoker.EndInvokeActionMethod(IAsyncResult asyncResult)
   在 System.Web.Mvc.Async.AsyncControllerActionInvoker.AsyncInvocationWithFilters.<InvokeActionMethodFilterAsynchronouslyRecursive>b__3d()
   在 System.Web.Mvc.Async.AsyncControllerActionInvoker.AsyncInvocationWithFilters.<>c__DisplayClass46.<InvokeActionMethodFilterAsynchronouslyRecursive>b__3f()
   在 System.Web.Mvc.Async.AsyncControllerActionInvoker.EndInvokeActionMethodWithFilters(IAsyncResult asyncResult)
   在 System.Web.Mvc.Async.AsyncControllerActionInvoker.<>c__DisplayClass21.<>c__DisplayClass2b.<BeginInvokeAction>b__1c()
   在 System.Web.Mvc.Async.AsyncControllerActionInvoker.<>c__DisplayClass21.<BeginInvokeAction>b__1e(IAsyncResult asyncResult)


2017-01-14 19:01:07 2404  JingBaiHui.Common.DataBase.GetList
System.Data.SqlClient.SqlException：在与 SQL Server 建立连接时出现与网络相关的或特定于实例的错误。未找到或无法访问服务器。请验证实例名称是否正确并且 SQL Server 已配置为允许远程连接。 (provider: Named Pipes Provider, error: 40 - 无法打开到 SQL Server 的连接)
服务器名称:qds207592114.my3w.com,数据库名称:qds207592114_db
SQL命令: SELECT * FROM [dbo].[Equipment]  WHERE 1=1 
参数:
   在 System.Data.SqlClient.SqlInternalConnectionTds..ctor(DbConnectionPoolIdentity identity, SqlConnectionString connectionOptions, SqlCredential credential, Object providerInfo, String newPassword, SecureString newSecurePassword, Boolean redirectedUserInstance, SqlConnectionString userConnectionOptions, SessionData reconnectSessionData, DbConnectionPool pool, String accessToken, Boolean applyTransientFaultHandling)
   在 System.Data.SqlClient.SqlConnectionFactory.CreateConnection(DbConnectionOptions options, DbConnectionPoolKey poolKey, Object poolGroupProviderInfo, DbConnectionPool pool, DbConnection owningConnection, DbConnectionOptions userOptions)
   在 System.Data.ProviderBase.DbConnectionFactory.CreatePooledConnection(DbConnectionPool pool, DbConnection owningObject, DbConnectionOptions options, DbConnectionPoolKey poolKey, DbConnectionOptions userOptions)
   在 System.Data.ProviderBase.DbConnectionPool.CreateObject(DbConnection owningObject, DbConnectionOptions userOptions, DbConnectionInternal oldConnection)
   在 System.Data.ProviderBase.DbConnectionPool.UserCreateRequest(DbConnection owningObject, DbConnectionOptions userOptions, DbConnectionInternal oldConnection)
   在 System.Data.ProviderBase.DbConnectionPool.TryGetConnection(DbConnection owningObject, UInt32 waitForMultipleObjectsTimeout, Boolean allowCreate, Boolean onlyOneCheckConnection, DbConnectionOptions userOptions, DbConnectionInternal& connection)
   在 System.Data.ProviderBase.DbConnectionPool.TryGetConnection(DbConnection owningObject, TaskCompletionSource`1 retry, DbConnectionOptions userOptions, DbConnectionInternal& connection)
   在 System.Data.ProviderBase.DbConnectionFactory.TryGetConnection(DbConnection owningConnection, TaskCompletionSource`1 retry, DbConnectionOptions userOptions, DbConnectionInternal oldConnection, DbConnectionInternal& connection)
   在 System.Data.ProviderBase.DbConnectionInternal.TryOpenConnectionInternal(DbConnection outerConnection, DbConnectionFactory connectionFactory, TaskCompletionSource`1 retry, DbConnectionOptions userOptions)
   在 System.Data.SqlClient.SqlConnection.TryOpenInner(TaskCompletionSource`1 retry)
   在 System.Data.SqlClient.SqlConnection.TryOpen(TaskCompletionSource`1 retry)
   在 System.Data.SqlClient.SqlConnection.Open()
   在 JingBaiHui.Common.DataBase.GetList[T](EntityConverter`1 converter, DbCommand cmd) 位置 E:\MyProject\礼品卡兑换系统\礼品卡兑换系统\礼品卡兑换系统\JingBaiHui.Common\Helper\DBHelper.cs:行号 308


2017-01-14 19:01:07 2414  EquipmentManager.Controllers.Controllers.BaseController.OnException
System.Data.SqlClient.SqlException：在与 SQL Server 建立连接时出现与网络相关的或特定于实例的错误。未找到或无法访问服务器。请验证实例名称是否正确并且 SQL Server 已配置为允许远程连接。 (provider: Named Pipes Provider, error: 40 - 无法打开到 SQL Server 的连接)
   在 JingBaiHui.Common.DataBase.GetList[T](EntityConverter`1 converter, DbCommand cmd) 位置 E:\MyProject\礼品卡兑换系统\礼品卡兑换系统\礼品卡兑换系统\JingBaiHui.Common\Helper\DBHelper.cs:行号 322
   在 JingBaiHui.Common.DataBase.GetList[T](EntityConverter`1 converter, String cmdText, Dictionary`2 parameters, CommandType commandType) 位置 E:\MyProject\礼品卡兑换系统\礼品卡兑换系统\礼品卡兑换系统\JingBaiHui.Common\Helper\DBHelper.cs:行号 343
   在 JingBaiHui.Common.Helper.DataHelper.GetList[T](DataBase db, String sql, Dictionary`2 parameters, EntityConverter`1 converter) 位置 E:\MyProject\礼品卡兑换系统\礼品卡兑换系统\礼品卡兑换系统\JingBaiHui.Common\Helper\DataHelper.cs:行号 72
   在 EquipmentManager.Controllers.Dao.EquipmentDao.GetList(Equipment entity) 位置 E:\MyProject\github\EquipmentManager\EquipmentManager.Controllers\Dao\EquipmentDao.cs:行号 103
   在 EquipmentManager.Controllers.Provider.EquipmentProvider.GetList(Equipment entity) 位置 E:\MyProject\github\EquipmentManager\EquipmentManager.Controllers\Provider\EquipmentProvider.cs:行号 97
   在 EquipmentManager.Controllers.Provider.EquipmentProvider.GetRecordCount(Equipment searchEntity) 位置 E:\MyProject\github\EquipmentManager\EquipmentManager.Controllers\Provider\EquipmentProvider.cs:行号 120
   在 EquipmentManager.Controllers.Provider.EquipmentProvider.GetEasyUiDataList(Equipment entity, Int32 pageIndex, Int32 pageSize, String order) 位置 E:\MyProject\github\EquipmentManager\EquipmentManager.Controllers\Provider\EquipmentProvider.cs:行号 83
   在 EquipmentManager.Controllers.Controllers.EquipmentController.GetList(Equipment entity) 位置 E:\MyProject\github\EquipmentManager\EquipmentManager.Controllers\Controllers\EquipmentController.cs:行号 29
   在 lambda_method(Closure , ControllerBase , Object[] )
   在 System.Web.Mvc.ReflectedActionDescriptor.Execute(ControllerContext controllerContext, IDictionary`2 parameters)
   在 System.Web.Mvc.ControllerActionInvoker.InvokeActionMethod(ControllerContext controllerContext, ActionDescriptor actionDescriptor, IDictionary`2 parameters)
   在 System.Web.Mvc.Async.AsyncControllerActionInvoker.<BeginInvokeSynchronousActionMethod>b__39(IAsyncResult asyncResult, ActionInvocation innerInvokeState)
   在 System.Web.Mvc.Async.AsyncResultWrapper.WrappedAsyncResult`2.CallEndDelegate(IAsyncResult asyncResult)
   在 System.Web.Mvc.Async.AsyncControllerActionInvoker.EndInvokeActionMethod(IAsyncResult asyncResult)
   在 System.Web.Mvc.Async.AsyncControllerActionInvoker.AsyncInvocationWithFilters.<InvokeActionMethodFilterAsynchronouslyRecursive>b__3d()
   在 System.Web.Mvc.Async.AsyncControllerActionInvoker.AsyncInvocationWithFilters.<>c__DisplayClass46.<InvokeActionMethodFilterAsynchronouslyRecursive>b__3f()
   在 System.Web.Mvc.Async.AsyncControllerActionInvoker.EndInvokeActionMethodWithFilters(IAsyncResult asyncResult)
   在 System.Web.Mvc.Async.AsyncControllerActionInvoker.<>c__DisplayClass21.<>c__DisplayClass2b.<BeginInvokeAction>b__1c()
   在 System.Web.Mvc.Async.AsyncControllerActionInvoker.<>c__DisplayClass21.<BeginInvokeAction>b__1e(IAsyncResult asyncResult)


2017-01-14 19:07:52 2805  JingBaiHui.Common.DataBase.GetList
System.Data.SqlClient.SqlException：在与 SQL Server 建立连接时出现与网络相关的或特定于实例的错误。未找到或无法访问服务器。请验证实例名称是否正确并且 SQL Server 已配置为允许远程连接。 (provider: Named Pipes Provider, error: 40 - 无法打开到 SQL Server 的连接)
服务器名称:qds207592114.my3w.com,数据库名称:qds207592114_db
SQL命令: SELECT * FROM [dbo].[Role]  WHERE 1=1 
参数:
   在 System.Data.SqlClient.SqlInternalConnectionTds..ctor(DbConnectionPoolIdentity identity, SqlConnectionString connectionOptions, SqlCredential credential, Object providerInfo, String newPassword, SecureString newSecurePassword, Boolean redirectedUserInstance, SqlConnectionString userConnectionOptions, SessionData reconnectSessionData, DbConnectionPool pool, String accessToken, Boolean applyTransientFaultHandling)
   在 System.Data.SqlClient.SqlConnectionFactory.CreateConnection(DbConnectionOptions options, DbConnectionPoolKey poolKey, Object poolGroupProviderInfo, DbConnectionPool pool, DbConnection owningConnection, DbConnectionOptions userOptions)
   在 System.Data.ProviderBase.DbConnectionFactory.CreatePooledConnection(DbConnectionPool pool, DbConnection owningObject, DbConnectionOptions options, DbConnectionPoolKey poolKey, DbConnectionOptions userOptions)
   在 System.Data.ProviderBase.DbConnectionPool.CreateObject(DbConnection owningObject, DbConnectionOptions userOptions, DbConnectionInternal oldConnection)
   在 System.Data.ProviderBase.DbConnectionPool.UserCreateRequest(DbConnection owningObject, DbConnectionOptions userOptions, DbConnectionInternal oldConnection)
   在 System.Data.ProviderBase.DbConnectionPool.TryGetConnection(DbConnection owningObject, UInt32 waitForMultipleObjectsTimeout, Boolean allowCreate, Boolean onlyOneCheckConnection, DbConnectionOptions userOptions, DbConnectionInternal& connection)
   在 System.Data.ProviderBase.DbConnectionPool.TryGetConnection(DbConnection owningObject, TaskCompletionSource`1 retry, DbConnectionOptions userOptions, DbConnectionInternal& connection)
   在 System.Data.ProviderBase.DbConnectionFactory.TryGetConnection(DbConnection owningConnection, TaskCompletionSource`1 retry, DbConnectionOptions userOptions, DbConnectionInternal oldConnection, DbConnectionInternal& connection)
   在 System.Data.ProviderBase.DbConnectionInternal.TryOpenConnectionInternal(DbConnection outerConnection, DbConnectionFactory connectionFactory, TaskCompletionSource`1 retry, DbConnectionOptions userOptions)
   在 System.Data.SqlClient.SqlConnection.TryOpenInner(TaskCompletionSource`1 retry)
   在 System.Data.SqlClient.SqlConnection.TryOpen(TaskCompletionSource`1 retry)
   在 System.Data.SqlClient.SqlConnection.Open()
   在 JingBaiHui.Common.DataBase.GetList[T](EntityConverter`1 converter, DbCommand cmd) 位置 E:\MyProject\礼品卡兑换系统\礼品卡兑换系统\礼品卡兑换系统\JingBaiHui.Common\Helper\DBHelper.cs:行号 308


2017-01-14 19:07:52 2825  EquipmentManager.Controllers.Controllers.BaseController.OnException
System.Data.SqlClient.SqlException：在与 SQL Server 建立连接时出现与网络相关的或特定于实例的错误。未找到或无法访问服务器。请验证实例名称是否正确并且 SQL Server 已配置为允许远程连接。 (provider: Named Pipes Provider, error: 40 - 无法打开到 SQL Server 的连接)
   在 JingBaiHui.Common.DataBase.GetList[T](EntityConverter`1 converter, DbCommand cmd) 位置 E:\MyProject\礼品卡兑换系统\礼品卡兑换系统\礼品卡兑换系统\JingBaiHui.Common\Helper\DBHelper.cs:行号 322
   在 JingBaiHui.Common.DataBase.GetList[T](EntityConverter`1 converter, String cmdText, Dictionary`2 parameters, CommandType commandType) 位置 E:\MyProject\礼品卡兑换系统\礼品卡兑换系统\礼品卡兑换系统\JingBaiHui.Common\Helper\DBHelper.cs:行号 343
   在 JingBaiHui.Common.Helper.DataHelper.GetList[T](DataBase db, String sql, Dictionary`2 parameters, EntityConverter`1 converter) 位置 E:\MyProject\礼品卡兑换系统\礼品卡兑换系统\礼品卡兑换系统\JingBaiHui.Common\Helper\DataHelper.cs:行号 72
   在 EquipmentManager.Controllers.Dao.RoleDao.GetList(Role entity) 位置 E:\MyProject\github\EquipmentManager\EquipmentManager.Controllers\Dao\RoleDao.cs:行号 99
   在 EquipmentManager.Controllers.Provider.RoleProvider.GetList(Role entity) 位置 E:\MyProject\github\EquipmentManager\EquipmentManager.Controllers\Provider\RoleProvider.cs:行号 97
   在 EquipmentManager.Controllers.Provider.RoleProvider.GetRecordCount(Role searchEntity) 位置 E:\MyProject\github\EquipmentManager\EquipmentManager.Controllers\Provider\RoleProvider.cs:行号 120
   在 EquipmentManager.Controllers.Provider.RoleProvider.GetEasyUiDataList(Role entity, Int32 pageIndex, Int32 pageSize, String order) 位置 E:\MyProject\github\EquipmentManager\EquipmentManager.Controllers\Provider\RoleProvider.cs:行号 83
   在 EquipmentManager.Controllers.Controllers.RoleController.GetList(Role entity) 位置 E:\MyProject\github\EquipmentManager\EquipmentManager.Controllers\Controllers\RoleController.cs:行号 28
   在 lambda_method(Closure , ControllerBase , Object[] )
   在 System.Web.Mvc.ReflectedActionDescriptor.Execute(ControllerContext controllerContext, IDictionary`2 parameters)
   在 System.Web.Mvc.ControllerActionInvoker.InvokeActionMethod(ControllerContext controllerContext, ActionDescriptor actionDescriptor, IDictionary`2 parameters)
   在 System.Web.Mvc.Async.AsyncControllerActionInvoker.<BeginInvokeSynchronousActionMethod>b__39(IAsyncResult asyncResult, ActionInvocation innerInvokeState)
   在 System.Web.Mvc.Async.AsyncResultWrapper.WrappedAsyncResult`2.CallEndDelegate(IAsyncResult asyncResult)
   在 System.Web.Mvc.Async.AsyncControllerActionInvoker.EndInvokeActionMethod(IAsyncResult asyncResult)
   在 System.Web.Mvc.Async.AsyncControllerActionInvoker.AsyncInvocationWithFilters.<InvokeActionMethodFilterAsynchronouslyRecursive>b__3d()
   在 System.Web.Mvc.Async.AsyncControllerActionInvoker.AsyncInvocationWithFilters.<>c__DisplayClass46.<InvokeActionMethodFilterAsynchronouslyRecursive>b__3f()
   在 System.Web.Mvc.Async.AsyncControllerActionInvoker.EndInvokeActionMethodWithFilters(IAsyncResult asyncResult)
   在 System.Web.Mvc.Async.AsyncControllerActionInvoker.<>c__DisplayClass21.<>c__DisplayClass2b.<BeginInvokeAction>b__1c()
   在 System.Web.Mvc.Async.AsyncControllerActionInvoker.<>c__DisplayClass21.<BeginInvokeAction>b__1e(IAsyncResult asyncResult)


2017-01-14 19:13:50 0620  JingBaiHui.Common.DataBase.GetList
System.Data.SqlClient.SqlException：在与 SQL Server 建立连接时出现与网络相关的或特定于实例的错误。未找到或无法访问服务器。请验证实例名称是否正确并且 SQL Server 已配置为允许远程连接。 (provider: Named Pipes Provider, error: 40 - 无法打开到 SQL Server 的连接)
服务器名称:qds207592114.my3w.com,数据库名称:qds207592114_db
SQL命令: SELECT * FROM [dbo].[Role]  WHERE 1=1 
参数:
   在 System.Data.SqlClient.SqlInternalConnectionTds..ctor(DbConnectionPoolIdentity identity, SqlConnectionString connectionOptions, SqlCredential credential, Object providerInfo, String newPassword, SecureString newSecurePassword, Boolean redirectedUserInstance, SqlConnectionString userConnectionOptions, SessionData reconnectSessionData, DbConnectionPool pool, String accessToken, Boolean applyTransientFaultHandling)
   在 System.Data.SqlClient.SqlConnectionFactory.CreateConnection(DbConnectionOptions options, DbConnectionPoolKey poolKey, Object poolGroupProviderInfo, DbConnectionPool pool, DbConnection owningConnection, DbConnectionOptions userOptions)
   在 System.Data.ProviderBase.DbConnectionFactory.CreatePooledConnection(DbConnectionPool pool, DbConnection owningObject, DbConnectionOptions options, DbConnectionPoolKey poolKey, DbConnectionOptions userOptions)
   在 System.Data.ProviderBase.DbConnectionPool.CreateObject(DbConnection owningObject, DbConnectionOptions userOptions, DbConnectionInternal oldConnection)
   在 System.Data.ProviderBase.DbConnectionPool.UserCreateRequest(DbConnection owningObject, DbConnectionOptions userOptions, DbConnectionInternal oldConnection)
   在 System.Data.ProviderBase.DbConnectionPool.TryGetConnection(DbConnection owningObject, UInt32 waitForMultipleObjectsTimeout, Boolean allowCreate, Boolean onlyOneCheckConnection, DbConnectionOptions userOptions, DbConnectionInternal& connection)
   在 System.Data.ProviderBase.DbConnectionPool.TryGetConnection(DbConnection owningObject, TaskCompletionSource`1 retry, DbConnectionOptions userOptions, DbConnectionInternal& connection)
   在 System.Data.ProviderBase.DbConnectionFactory.TryGetConnection(DbConnection owningConnection, TaskCompletionSource`1 retry, DbConnectionOptions userOptions, DbConnectionInternal oldConnection, DbConnectionInternal& connection)
   在 System.Data.ProviderBase.DbConnectionInternal.TryOpenConnectionInternal(DbConnection outerConnection, DbConnectionFactory connectionFactory, TaskCompletionSource`1 retry, DbConnectionOptions userOptions)
   在 System.Data.SqlClient.SqlConnection.TryOpenInner(TaskCompletionSource`1 retry)
   在 System.Data.SqlClient.SqlConnection.TryOpen(TaskCompletionSource`1 retry)
   在 System.Data.SqlClient.SqlConnection.Open()
   在 JingBaiHui.Common.DataBase.GetList[T](EntityConverter`1 converter, DbCommand cmd) 位置 E:\MyProject\礼品卡兑换系统\礼品卡兑换系统\礼品卡兑换系统\JingBaiHui.Common\Helper\DBHelper.cs:行号 308


2017-01-14 19:13:50 0630  EquipmentManager.Controllers.Controllers.BaseController.OnException
System.Data.SqlClient.SqlException：在与 SQL Server 建立连接时出现与网络相关的或特定于实例的错误。未找到或无法访问服务器。请验证实例名称是否正确并且 SQL Server 已配置为允许远程连接。 (provider: Named Pipes Provider, error: 40 - 无法打开到 SQL Server 的连接)
   在 JingBaiHui.Common.DataBase.GetList[T](EntityConverter`1 converter, DbCommand cmd) 位置 E:\MyProject\礼品卡兑换系统\礼品卡兑换系统\礼品卡兑换系统\JingBaiHui.Common\Helper\DBHelper.cs:行号 322
   在 JingBaiHui.Common.DataBase.GetList[T](EntityConverter`1 converter, String cmdText, Dictionary`2 parameters, CommandType commandType) 位置 E:\MyProject\礼品卡兑换系统\礼品卡兑换系统\礼品卡兑换系统\JingBaiHui.Common\Helper\DBHelper.cs:行号 343
   在 JingBaiHui.Common.Helper.DataHelper.GetList[T](DataBase db, String sql, Dictionary`2 parameters, EntityConverter`1 converter) 位置 E:\MyProject\礼品卡兑换系统\礼品卡兑换系统\礼品卡兑换系统\JingBaiHui.Common\Helper\DataHelper.cs:行号 72
   在 EquipmentManager.Controllers.Dao.RoleDao.GetList(Role entity) 位置 E:\MyProject\github\EquipmentManager\EquipmentManager.Controllers\Dao\RoleDao.cs:行号 99
   在 EquipmentManager.Controllers.Provider.RoleProvider.GetList(Role entity) 位置 E:\MyProject\github\EquipmentManager\EquipmentManager.Controllers\Provider\RoleProvider.cs:行号 97
   在 EquipmentManager.Controllers.Provider.RoleProvider.GetRecordCount(Role searchEntity) 位置 E:\MyProject\github\EquipmentManager\EquipmentManager.Controllers\Provider\RoleProvider.cs:行号 120
   在 EquipmentManager.Controllers.Provider.RoleProvider.GetEasyUiDataList(Role entity, Int32 pageIndex, Int32 pageSize, String order) 位置 E:\MyProject\github\EquipmentManager\EquipmentManager.Controllers\Provider\RoleProvider.cs:行号 83
   在 EquipmentManager.Controllers.Controllers.RoleController.GetList(Role entity) 位置 E:\MyProject\github\EquipmentManager\EquipmentManager.Controllers\Controllers\RoleController.cs:行号 28
   在 lambda_method(Closure , ControllerBase , Object[] )
   在 System.Web.Mvc.ReflectedActionDescriptor.Execute(ControllerContext controllerContext, IDictionary`2 parameters)
   在 System.Web.Mvc.ControllerActionInvoker.InvokeActionMethod(ControllerContext controllerContext, ActionDescriptor actionDescriptor, IDictionary`2 parameters)
   在 System.Web.Mvc.Async.AsyncControllerActionInvoker.<BeginInvokeSynchronousActionMethod>b__39(IAsyncResult asyncResult, ActionInvocation innerInvokeState)
   在 System.Web.Mvc.Async.AsyncResultWrapper.WrappedAsyncResult`2.CallEndDelegate(IAsyncResult asyncResult)
   在 System.Web.Mvc.Async.AsyncControllerActionInvoker.EndInvokeActionMethod(IAsyncResult asyncResult)
   在 System.Web.Mvc.Async.AsyncControllerActionInvoker.AsyncInvocationWithFilters.<InvokeActionMethodFilterAsynchronouslyRecursive>b__3d()
   在 System.Web.Mvc.Async.AsyncControllerActionInvoker.AsyncInvocationWithFilters.<>c__DisplayClass46.<InvokeActionMethodFilterAsynchronouslyRecursive>b__3f()
   在 System.Web.Mvc.Async.AsyncControllerActionInvoker.EndInvokeActionMethodWithFilters(IAsyncResult asyncResult)
   在 System.Web.Mvc.Async.AsyncControllerActionInvoker.<>c__DisplayClass21.<>c__DisplayClass2b.<BeginInvokeAction>b__1c()
   在 System.Web.Mvc.Async.AsyncControllerActionInvoker.<>c__DisplayClass21.<BeginInvokeAction>b__1e(IAsyncResult asyncResult)


2017-01-14 19:15:44 0155  JingBaiHui.Common.DataBase.GetList
System.Data.SqlClient.SqlException：在与 SQL Server 建立连接时出现与网络相关的或特定于实例的错误。未找到或无法访问服务器。请验证实例名称是否正确并且 SQL Server 已配置为允许远程连接。 (provider: Named Pipes Provider, error: 40 - 无法打开到 SQL Server 的连接)
服务器名称:qds207592114.my3w.com,数据库名称:qds207592114_db
SQL命令: SELECT * FROM [dbo].[Role]  WHERE 1=1 
参数:
   在 System.Data.SqlClient.SqlInternalConnectionTds..ctor(DbConnectionPoolIdentity identity, SqlConnectionString connectionOptions, SqlCredential credential, Object providerInfo, String newPassword, SecureString newSecurePassword, Boolean redirectedUserInstance, SqlConnectionString userConnectionOptions, SessionData reconnectSessionData, DbConnectionPool pool, String accessToken, Boolean applyTransientFaultHandling)
   在 System.Data.SqlClient.SqlConnectionFactory.CreateConnection(DbConnectionOptions options, DbConnectionPoolKey poolKey, Object poolGroupProviderInfo, DbConnectionPool pool, DbConnection owningConnection, DbConnectionOptions userOptions)
   在 System.Data.ProviderBase.DbConnectionFactory.CreatePooledConnection(DbConnectionPool pool, DbConnection owningObject, DbConnectionOptions options, DbConnectionPoolKey poolKey, DbConnectionOptions userOptions)
   在 System.Data.ProviderBase.DbConnectionPool.CreateObject(DbConnection owningObject, DbConnectionOptions userOptions, DbConnectionInternal oldConnection)
   在 System.Data.ProviderBase.DbConnectionPool.UserCreateRequest(DbConnection owningObject, DbConnectionOptions userOptions, DbConnectionInternal oldConnection)
   在 System.Data.ProviderBase.DbConnectionPool.TryGetConnection(DbConnection owningObject, UInt32 waitForMultipleObjectsTimeout, Boolean allowCreate, Boolean onlyOneCheckConnection, DbConnectionOptions userOptions, DbConnectionInternal& connection)
   在 System.Data.ProviderBase.DbConnectionPool.TryGetConnection(DbConnection owningObject, TaskCompletionSource`1 retry, DbConnectionOptions userOptions, DbConnectionInternal& connection)
   在 System.Data.ProviderBase.DbConnectionFactory.TryGetConnection(DbConnection owningConnection, TaskCompletionSource`1 retry, DbConnectionOptions userOptions, DbConnectionInternal oldConnection, DbConnectionInternal& connection)
   在 System.Data.ProviderBase.DbConnectionInternal.TryOpenConnectionInternal(DbConnection outerConnection, DbConnectionFactory connectionFactory, TaskCompletionSource`1 retry, DbConnectionOptions userOptions)
   在 System.Data.SqlClient.SqlConnection.TryOpenInner(TaskCompletionSource`1 retry)
   在 System.Data.SqlClient.SqlConnection.TryOpen(TaskCompletionSource`1 retry)
   在 System.Data.SqlClient.SqlConnection.Open()
   在 JingBaiHui.Common.DataBase.GetList[T](EntityConverter`1 converter, DbCommand cmd) 位置 E:\MyProject\礼品卡兑换系统\礼品卡兑换系统\礼品卡兑换系统\JingBaiHui.Common\Helper\DBHelper.cs:行号 308


2017-01-14 19:15:44 0165  EquipmentManager.Controllers.Controllers.BaseController.OnException
System.Data.SqlClient.SqlException：在与 SQL Server 建立连接时出现与网络相关的或特定于实例的错误。未找到或无法访问服务器。请验证实例名称是否正确并且 SQL Server 已配置为允许远程连接。 (provider: Named Pipes Provider, error: 40 - 无法打开到 SQL Server 的连接)
   在 JingBaiHui.Common.DataBase.GetList[T](EntityConverter`1 converter, DbCommand cmd) 位置 E:\MyProject\礼品卡兑换系统\礼品卡兑换系统\礼品卡兑换系统\JingBaiHui.Common\Helper\DBHelper.cs:行号 322
   在 JingBaiHui.Common.DataBase.GetList[T](EntityConverter`1 converter, String cmdText, Dictionary`2 parameters, CommandType commandType) 位置 E:\MyProject\礼品卡兑换系统\礼品卡兑换系统\礼品卡兑换系统\JingBaiHui.Common\Helper\DBHelper.cs:行号 343
   在 JingBaiHui.Common.Helper.DataHelper.GetList[T](DataBase db, String sql, Dictionary`2 parameters, EntityConverter`1 converter) 位置 E:\MyProject\礼品卡兑换系统\礼品卡兑换系统\礼品卡兑换系统\JingBaiHui.Common\Helper\DataHelper.cs:行号 72
   在 EquipmentManager.Controllers.Dao.RoleDao.GetList(Role entity) 位置 E:\MyProject\github\EquipmentManager\EquipmentManager.Controllers\Dao\RoleDao.cs:行号 99
   在 EquipmentManager.Controllers.Provider.RoleProvider.GetList(Role entity) 位置 E:\MyProject\github\EquipmentManager\EquipmentManager.Controllers\Provider\RoleProvider.cs:行号 97
   在 EquipmentManager.Controllers.Provider.RoleProvider.GetRecordCount(Role searchEntity) 位置 E:\MyProject\github\EquipmentManager\EquipmentManager.Controllers\Provider\RoleProvider.cs:行号 120
   在 EquipmentManager.Controllers.Provider.RoleProvider.GetEasyUiDataList(Role entity, Int32 pageIndex, Int32 pageSize, String order) 位置 E:\MyProject\github\EquipmentManager\EquipmentManager.Controllers\Provider\RoleProvider.cs:行号 83
   在 EquipmentManager.Controllers.Controllers.RoleController.GetList(Role entity) 位置 E:\MyProject\github\EquipmentManager\EquipmentManager.Controllers\Controllers\RoleController.cs:行号 28
   在 lambda_method(Closure , ControllerBase , Object[] )
   在 System.Web.Mvc.ReflectedActionDescriptor.Execute(ControllerContext controllerContext, IDictionary`2 parameters)
   在 System.Web.Mvc.ControllerActionInvoker.InvokeActionMethod(ControllerContext controllerContext, ActionDescriptor actionDescriptor, IDictionary`2 parameters)
   在 System.Web.Mvc.Async.AsyncControllerActionInvoker.<BeginInvokeSynchronousActionMethod>b__39(IAsyncResult asyncResult, ActionInvocation innerInvokeState)
   在 System.Web.Mvc.Async.AsyncResultWrapper.WrappedAsyncResult`2.CallEndDelegate(IAsyncResult asyncResult)
   在 System.Web.Mvc.Async.AsyncControllerActionInvoker.EndInvokeActionMethod(IAsyncResult asyncResult)
   在 System.Web.Mvc.Async.AsyncControllerActionInvoker.AsyncInvocationWithFilters.<InvokeActionMethodFilterAsynchronouslyRecursive>b__3d()
   在 System.Web.Mvc.Async.AsyncControllerActionInvoker.AsyncInvocationWithFilters.<>c__DisplayClass46.<InvokeActionMethodFilterAsynchronouslyRecursive>b__3f()
   在 System.Web.Mvc.Async.AsyncControllerActionInvoker.EndInvokeActionMethodWithFilters(IAsyncResult asyncResult)
   在 System.Web.Mvc.Async.AsyncControllerActionInvoker.<>c__DisplayClass21.<>c__DisplayClass2b.<BeginInvokeAction>b__1c()
   在 System.Web.Mvc.Async.AsyncControllerActionInvoker.<>c__DisplayClass21.<BeginInvokeAction>b__1e(IAsyncResult asyncResult)


2017-01-14 19:21:47 1663  JingBaiHui.Common.DataBase.GetEntity
System.Data.SqlClient.SqlException：在与 SQL Server 建立连接时出现与网络相关的或特定于实例的错误。未找到或无法访问服务器。请验证实例名称是否正确并且 SQL Server 已配置为允许远程连接。 (provider: Named Pipes Provider, error: 40 - 无法打开到 SQL Server 的连接)
服务器名称:qds207592114.my3w.com,数据库名称:qds207592114_db
SQL命令:
                SELECT TOP 1 * FROM [dbo].[Role]
                  WHERE [Id]=@Id
参数:
@Id=2ed1afdf-18bd-4a99-a8aa-15eee278cb98
   在 System.Data.SqlClient.SqlInternalConnectionTds..ctor(DbConnectionPoolIdentity identity, SqlConnectionString connectionOptions, SqlCredential credential, Object providerInfo, String newPassword, SecureString newSecurePassword, Boolean redirectedUserInstance, SqlConnectionString userConnectionOptions, SessionData reconnectSessionData, DbConnectionPool pool, String accessToken, Boolean applyTransientFaultHandling)
   在 System.Data.SqlClient.SqlConnectionFactory.CreateConnection(DbConnectionOptions options, DbConnectionPoolKey poolKey, Object poolGroupProviderInfo, DbConnectionPool pool, DbConnection owningConnection, DbConnectionOptions userOptions)
   在 System.Data.ProviderBase.DbConnectionFactory.CreatePooledConnection(DbConnectionPool pool, DbConnection owningObject, DbConnectionOptions options, DbConnectionPoolKey poolKey, DbConnectionOptions userOptions)
   在 System.Data.ProviderBase.DbConnectionPool.CreateObject(DbConnection owningObject, DbConnectionOptions userOptions, DbConnectionInternal oldConnection)
   在 System.Data.ProviderBase.DbConnectionPool.UserCreateRequest(DbConnection owningObject, DbConnectionOptions userOptions, DbConnectionInternal oldConnection)
   在 System.Data.ProviderBase.DbConnectionPool.TryGetConnection(DbConnection owningObject, UInt32 waitForMultipleObjectsTimeout, Boolean allowCreate, Boolean onlyOneCheckConnection, DbConnectionOptions userOptions, DbConnectionInternal& connection)
   在 System.Data.ProviderBase.DbConnectionPool.TryGetConnection(DbConnection owningObject, TaskCompletionSource`1 retry, DbConnectionOptions userOptions, DbConnectionInternal& connection)
   在 System.Data.ProviderBase.DbConnectionFactory.TryGetConnection(DbConnection owningConnection, TaskCompletionSource`1 retry, DbConnectionOptions userOptions, DbConnectionInternal oldConnection, DbConnectionInternal& connection)
   在 System.Data.ProviderBase.DbConnectionInternal.TryOpenConnectionInternal(DbConnection outerConnection, DbConnectionFactory connectionFactory, TaskCompletionSource`1 retry, DbConnectionOptions userOptions)
   在 System.Data.SqlClient.SqlConnection.TryOpenInner(TaskCompletionSource`1 retry)
   在 System.Data.SqlClient.SqlConnection.TryOpen(TaskCompletionSource`1 retry)
   在 System.Data.SqlClient.SqlConnection.Open()
   在 JingBaiHui.Common.DataBase.GetEntity[T](EntityConverter`1 converter, DbCommand cmd) 位置 E:\MyProject\礼品卡兑换系统\礼品卡兑换系统\礼品卡兑换系统\JingBaiHui.Common\Helper\DBHelper.cs:行号 270


2017-01-14 19:21:47 1763  EquipmentManager.Controllers.Controllers.BaseController.OnException
System.Data.SqlClient.SqlException：在与 SQL Server 建立连接时出现与网络相关的或特定于实例的错误。未找到或无法访问服务器。请验证实例名称是否正确并且 SQL Server 已配置为允许远程连接。 (provider: Named Pipes Provider, error: 40 - 无法打开到 SQL Server 的连接)
   在 JingBaiHui.Common.DataBase.GetEntity[T](EntityConverter`1 converter, DbCommand cmd) 位置 E:\MyProject\礼品卡兑换系统\礼品卡兑换系统\礼品卡兑换系统\JingBaiHui.Common\Helper\DBHelper.cs:行号 281
   在 JingBaiHui.Common.DataBase.GetEntity[T](EntityConverter`1 converter, String cmdText, Dictionary`2 parameters, CommandType commandType) 位置 E:\MyProject\礼品卡兑换系统\礼品卡兑换系统\礼品卡兑换系统\JingBaiHui.Common\Helper\DBHelper.cs:行号 262
   在 JingBaiHui.Common.Helper.DataHelper.GetEntity[T](DataBase db, String sql, Dictionary`2 parameters, EntityConverter`1 converter) 位置 E:\MyProject\礼品卡兑换系统\礼品卡兑换系统\礼品卡兑换系统\JingBaiHui.Common\Helper\DataHelper.cs:行号 67
   在 EquipmentManager.Controllers.Dao.RoleDao.GetById(Guid Id) 位置 E:\MyProject\github\EquipmentManager\EquipmentManager.Controllers\Dao\RoleDao.cs:行号 82
   在 EquipmentManager.Controllers.Provider.RoleProvider.Get(Guid Id) 位置 E:\MyProject\github\EquipmentManager\EquipmentManager.Controllers\Provider\RoleProvider.cs:行号 55
   在 EquipmentManager.Controllers.Controllers.RoleController.Get(Guid Id) 位置 E:\MyProject\github\EquipmentManager\EquipmentManager.Controllers\Controllers\RoleController.cs:行号 20
   在 lambda_method(Closure , ControllerBase , Object[] )
   在 System.Web.Mvc.ReflectedActionDescriptor.Execute(ControllerContext controllerContext, IDictionary`2 parameters)
   在 System.Web.Mvc.ControllerActionInvoker.InvokeActionMethod(ControllerContext controllerContext, ActionDescriptor actionDescriptor, IDictionary`2 parameters)
   在 System.Web.Mvc.Async.AsyncControllerActionInvoker.<BeginInvokeSynchronousActionMethod>b__39(IAsyncResult asyncResult, ActionInvocation innerInvokeState)
   在 System.Web.Mvc.Async.AsyncResultWrapper.WrappedAsyncResult`2.CallEndDelegate(IAsyncResult asyncResult)
   在 System.Web.Mvc.Async.AsyncControllerActionInvoker.EndInvokeActionMethod(IAsyncResult asyncResult)
   在 System.Web.Mvc.Async.AsyncControllerActionInvoker.AsyncInvocationWithFilters.<InvokeActionMethodFilterAsynchronouslyRecursive>b__3d()
   在 System.Web.Mvc.Async.AsyncControllerActionInvoker.AsyncInvocationWithFilters.<>c__DisplayClass46.<InvokeActionMethodFilterAsynchronouslyRecursive>b__3f()
   在 System.Web.Mvc.Async.AsyncControllerActionInvoker.EndInvokeActionMethodWithFilters(IAsyncResult asyncResult)
   在 System.Web.Mvc.Async.AsyncControllerActionInvoker.<>c__DisplayClass21.<>c__DisplayClass2b.<BeginInvokeAction>b__1c()
   在 System.Web.Mvc.Async.AsyncControllerActionInvoker.<>c__DisplayClass21.<BeginInvokeAction>b__1e(IAsyncResult asyncResult)


2017-01-14 19:26:15 5896  JingBaiHui.Common.DataBase.GetList
System.InvalidOperationException：超时时间已到。超时时间已到，但是尚未从池中获取连接。出现这种情况可能是因为所有池连接均在使用，并且达到了最大池大小。
服务器名称:qds207592114.my3w.com,数据库名称:qds207592114_db
SQL命令: SELECT * FROM [dbo].[Role]  WHERE 1=1 
参数:
   在 System.Data.ProviderBase.DbConnectionFactory.TryGetConnection(DbConnection owningConnection, TaskCompletionSource`1 retry, DbConnectionOptions userOptions, DbConnectionInternal oldConnection, DbConnectionInternal& connection)
   在 System.Data.ProviderBase.DbConnectionInternal.TryOpenConnectionInternal(DbConnection outerConnection, DbConnectionFactory connectionFactory, TaskCompletionSource`1 retry, DbConnectionOptions userOptions)
   在 System.Data.SqlClient.SqlConnection.TryOpenInner(TaskCompletionSource`1 retry)
   在 System.Data.SqlClient.SqlConnection.TryOpen(TaskCompletionSource`1 retry)
   在 System.Data.SqlClient.SqlConnection.Open()
   在 JingBaiHui.Common.DataBase.GetList[T](EntityConverter`1 converter, DbCommand cmd) 位置 E:\MyProject\礼品卡兑换系统\礼品卡兑换系统\礼品卡兑换系统\JingBaiHui.Common\Helper\DBHelper.cs:行号 308


2017-01-14 19:26:15 6016  EquipmentManager.Controllers.Controllers.BaseController.OnException
System.InvalidOperationException：超时时间已到。超时时间已到，但是尚未从池中获取连接。出现这种情况可能是因为所有池连接均在使用，并且达到了最大池大小。
   在 JingBaiHui.Common.DataBase.GetList[T](EntityConverter`1 converter, DbCommand cmd) 位置 E:\MyProject\礼品卡兑换系统\礼品卡兑换系统\礼品卡兑换系统\JingBaiHui.Common\Helper\DBHelper.cs:行号 322
   在 JingBaiHui.Common.DataBase.GetList[T](EntityConverter`1 converter, String cmdText, Dictionary`2 parameters, CommandType commandType) 位置 E:\MyProject\礼品卡兑换系统\礼品卡兑换系统\礼品卡兑换系统\JingBaiHui.Common\Helper\DBHelper.cs:行号 343
   在 JingBaiHui.Common.Helper.DataHelper.GetList[T](DataBase db, String sql, Dictionary`2 parameters, EntityConverter`1 converter) 位置 E:\MyProject\礼品卡兑换系统\礼品卡兑换系统\礼品卡兑换系统\JingBaiHui.Common\Helper\DataHelper.cs:行号 72
   在 EquipmentManager.Controllers.Dao.RoleDao.GetList(Role entity) 位置 E:\MyProject\github\EquipmentManager\EquipmentManager.Controllers\Dao\RoleDao.cs:行号 99
   在 EquipmentManager.Controllers.Provider.RoleProvider.GetList(Role entity) 位置 E:\MyProject\github\EquipmentManager\EquipmentManager.Controllers\Provider\RoleProvider.cs:行号 97
   在 EquipmentManager.Controllers.Provider.RoleProvider.GetRecordCount(Role searchEntity) 位置 E:\MyProject\github\EquipmentManager\EquipmentManager.Controllers\Provider\RoleProvider.cs:行号 120
   在 EquipmentManager.Controllers.Provider.RoleProvider.GetEasyUiDataList(Role entity, Int32 pageIndex, Int32 pageSize, String order) 位置 E:\MyProject\github\EquipmentManager\EquipmentManager.Controllers\Provider\RoleProvider.cs:行号 83
   在 EquipmentManager.Controllers.Controllers.RoleController.GetList(Role entity) 位置 E:\MyProject\github\EquipmentManager\EquipmentManager.Controllers\Controllers\RoleController.cs:行号 28
   在 lambda_method(Closure , ControllerBase , Object[] )
   在 System.Web.Mvc.ReflectedActionDescriptor.Execute(ControllerContext controllerContext, IDictionary`2 parameters)
   在 System.Web.Mvc.ControllerActionInvoker.InvokeActionMethod(ControllerContext controllerContext, ActionDescriptor actionDescriptor, IDictionary`2 parameters)
   在 System.Web.Mvc.Async.AsyncControllerActionInvoker.<BeginInvokeSynchronousActionMethod>b__39(IAsyncResult asyncResult, ActionInvocation innerInvokeState)
   在 System.Web.Mvc.Async.AsyncResultWrapper.WrappedAsyncResult`2.CallEndDelegate(IAsyncResult asyncResult)
   在 System.Web.Mvc.Async.AsyncControllerActionInvoker.EndInvokeActionMethod(IAsyncResult asyncResult)
   在 System.Web.Mvc.Async.AsyncControllerActionInvoker.AsyncInvocationWithFilters.<InvokeActionMethodFilterAsynchronouslyRecursive>b__3d()
   在 System.Web.Mvc.Async.AsyncControllerActionInvoker.AsyncInvocationWithFilters.<>c__DisplayClass46.<InvokeActionMethodFilterAsynchronouslyRecursive>b__3f()
   在 System.Web.Mvc.Async.AsyncControllerActionInvoker.EndInvokeActionMethodWithFilters(IAsyncResult asyncResult)
   在 System.Web.Mvc.Async.AsyncControllerActionInvoker.<>c__DisplayClass21.<>c__DisplayClass2b.<BeginInvokeAction>b__1c()
   在 System.Web.Mvc.Async.AsyncControllerActionInvoker.<>c__DisplayClass21.<BeginInvokeAction>b__1e(IAsyncResult asyncResult)


2017-01-14 19:26:27 2883  JingBaiHui.Common.DataBase.GetList
System.Data.SqlClient.SqlException：在与 SQL Server 建立连接时出现与网络相关的或特定于实例的错误。未找到或无法访问服务器。请验证实例名称是否正确并且 SQL Server 已配置为允许远程连接。 (provider: Named Pipes Provider, error: 40 - 无法打开到 SQL Server 的连接)
服务器名称:qds207592114.my3w.com,数据库名称:qds207592114_db
SQL命令: SELECT * FROM [dbo].[Tenant] 
参数:
   在 System.Data.SqlClient.SqlInternalConnectionTds..ctor(DbConnectionPoolIdentity identity, SqlConnectionString connectionOptions, SqlCredential credential, Object providerInfo, String newPassword, SecureString newSecurePassword, Boolean redirectedUserInstance, SqlConnectionString userConnectionOptions, SessionData reconnectSessionData, DbConnectionPool pool, String accessToken, Boolean applyTransientFaultHandling)
   在 System.Data.SqlClient.SqlConnectionFactory.CreateConnection(DbConnectionOptions options, DbConnectionPoolKey poolKey, Object poolGroupProviderInfo, DbConnectionPool pool, DbConnection owningConnection, DbConnectionOptions userOptions)
   在 System.Data.ProviderBase.DbConnectionFactory.CreatePooledConnection(DbConnectionPool pool, DbConnection owningObject, DbConnectionOptions options, DbConnectionPoolKey poolKey, DbConnectionOptions userOptions)
   在 System.Data.ProviderBase.DbConnectionPool.CreateObject(DbConnection owningObject, DbConnectionOptions userOptions, DbConnectionInternal oldConnection)
   在 System.Data.ProviderBase.DbConnectionPool.UserCreateRequest(DbConnection owningObject, DbConnectionOptions userOptions, DbConnectionInternal oldConnection)
   在 System.Data.ProviderBase.DbConnectionPool.TryGetConnection(DbConnection owningObject, UInt32 waitForMultipleObjectsTimeout, Boolean allowCreate, Boolean onlyOneCheckConnection, DbConnectionOptions userOptions, DbConnectionInternal& connection)
   在 System.Data.ProviderBase.DbConnectionPool.TryGetConnection(DbConnection owningObject, TaskCompletionSource`1 retry, DbConnectionOptions userOptions, DbConnectionInternal& connection)
   在 System.Data.ProviderBase.DbConnectionFactory.TryGetConnection(DbConnection owningConnection, TaskCompletionSource`1 retry, DbConnectionOptions userOptions, DbConnectionInternal oldConnection, DbConnectionInternal& connection)
   在 System.Data.ProviderBase.DbConnectionInternal.TryOpenConnectionInternal(DbConnection outerConnection, DbConnectionFactory connectionFactory, TaskCompletionSource`1 retry, DbConnectionOptions userOptions)
   在 System.Data.SqlClient.SqlConnection.TryOpenInner(TaskCompletionSource`1 retry)
   在 System.Data.SqlClient.SqlConnection.TryOpen(TaskCompletionSource`1 retry)
   在 System.Data.SqlClient.SqlConnection.Open()
   在 JingBaiHui.Common.DataBase.GetList[T](EntityConverter`1 converter, DbCommand cmd) 位置 E:\MyProject\礼品卡兑换系统\礼品卡兑换系统\礼品卡兑换系统\JingBaiHui.Common\Helper\DBHelper.cs:行号 308


2017-01-14 19:26:27 3063  EquipmentManager.Controllers.Controllers.BaseController.OnException
System.Data.SqlClient.SqlException：在与 SQL Server 建立连接时出现与网络相关的或特定于实例的错误。未找到或无法访问服务器。请验证实例名称是否正确并且 SQL Server 已配置为允许远程连接。 (provider: Named Pipes Provider, error: 40 - 无法打开到 SQL Server 的连接)
   在 JingBaiHui.Common.DataBase.GetList[T](EntityConverter`1 converter, DbCommand cmd) 位置 E:\MyProject\礼品卡兑换系统\礼品卡兑换系统\礼品卡兑换系统\JingBaiHui.Common\Helper\DBHelper.cs:行号 322
   在 JingBaiHui.Common.DataBase.GetList[T](EntityConverter`1 converter, String cmdText, Dictionary`2 parameters, CommandType commandType) 位置 E:\MyProject\礼品卡兑换系统\礼品卡兑换系统\礼品卡兑换系统\JingBaiHui.Common\Helper\DBHelper.cs:行号 343
   在 JingBaiHui.Common.Helper.DataHelper.GetList[T](DataBase db, String sql, Dictionary`2 parameters, EntityConverter`1 converter) 位置 E:\MyProject\礼品卡兑换系统\礼品卡兑换系统\礼品卡兑换系统\JingBaiHui.Common\Helper\DataHelper.cs:行号 72
   在 EquipmentManager.Controllers.Dao.TenantDao.GetList(Tenant entity) 位置 E:\MyProject\github\EquipmentManager\EquipmentManager.Controllers\Dao\TenantDao.cs:行号 100
   在 EquipmentManager.Controllers.Provider.TenantProvider.GetList(Tenant entity) 位置 E:\MyProject\github\EquipmentManager\EquipmentManager.Controllers\Provider\TenantProvider.cs:行号 97
   在 EquipmentManager.Controllers.Controllers.TenantController.GetList() 位置 E:\MyProject\github\EquipmentManager\EquipmentManager.Controllers\Controllers\TenantController.cs:行号 34
   在 lambda_method(Closure , ControllerBase , Object[] )
   在 System.Web.Mvc.ReflectedActionDescriptor.Execute(ControllerContext controllerContext, IDictionary`2 parameters)
   在 System.Web.Mvc.ControllerActionInvoker.InvokeActionMethod(ControllerContext controllerContext, ActionDescriptor actionDescriptor, IDictionary`2 parameters)
   在 System.Web.Mvc.Async.AsyncControllerActionInvoker.<BeginInvokeSynchronousActionMethod>b__39(IAsyncResult asyncResult, ActionInvocation innerInvokeState)
   在 System.Web.Mvc.Async.AsyncResultWrapper.WrappedAsyncResult`2.CallEndDelegate(IAsyncResult asyncResult)
   在 System.Web.Mvc.Async.AsyncControllerActionInvoker.EndInvokeActionMethod(IAsyncResult asyncResult)
   在 System.Web.Mvc.Async.AsyncControllerActionInvoker.AsyncInvocationWithFilters.<InvokeActionMethodFilterAsynchronouslyRecursive>b__3d()
   在 System.Web.Mvc.Async.AsyncControllerActionInvoker.AsyncInvocationWithFilters.<>c__DisplayClass46.<InvokeActionMethodFilterAsynchronouslyRecursive>b__3f()
   在 System.Web.Mvc.Async.AsyncControllerActionInvoker.EndInvokeActionMethodWithFilters(IAsyncResult asyncResult)
   在 System.Web.Mvc.Async.AsyncControllerActionInvoker.<>c__DisplayClass21.<>c__DisplayClass2b.<BeginInvokeAction>b__1c()
   在 System.Web.Mvc.Async.AsyncControllerActionInvoker.<>c__DisplayClass21.<BeginInvokeAction>b__1e(IAsyncResult asyncResult)


2017-01-14 19:26:50 6076  JingBaiHui.Common.DataBase.GetList
System.IndexOutOfRangeException：TenantName
服务器名称:qds207592114.my3w.com,数据库名称:qds207592114_db
SQL命令: SELECT * FROM [dbo].[Role]  WHERE 1=1 
参数:
   在 System.Data.ProviderBase.FieldNameLookup.GetOrdinal(String fieldName)
   在 System.Data.SqlClient.SqlDataReader.GetOrdinal(String name)
   在 System.Data.SqlClient.SqlDataReader.get_Item(String name)
   在 JingBaiHui.Common.IDataReaderExtensions.GetValue[T](IDataReader reader, String fieldName) 位置 E:\MyProject\礼品卡兑换系统\礼品卡兑换系统\礼品卡兑换系统\JingBaiHui.Common\Extensions\IDataReaderExtensions.cs:行号 36
   在 EquipmentManager.Controllers.Dao.RoleDao.BuildTenant(IDataReader reader, Role entity) 位置 E:\MyProject\github\EquipmentManager\EquipmentManager.Controllers\Dao\RoleDao.cs:行号 172
   在 EquipmentManager.Controllers.Dao.RoleDao.<GetList>b__8_0(IDataReader reader, Role dataModel) 位置 E:\MyProject\github\EquipmentManager\EquipmentManager.Controllers\Dao\RoleDao.cs:行号 101
   在 JingBaiHui.Common.DataBase.GetList[T](EntityConverter`1 converter, DbCommand cmd) 位置 E:\MyProject\礼品卡兑换系统\礼品卡兑换系统\礼品卡兑换系统\JingBaiHui.Common\Helper\DBHelper.cs:行号 313


2017-01-14 19:26:50 6297  EquipmentManager.Controllers.Controllers.BaseController.OnException
System.IndexOutOfRangeException：TenantName
   在 JingBaiHui.Common.DataBase.GetList[T](EntityConverter`1 converter, DbCommand cmd) 位置 E:\MyProject\礼品卡兑换系统\礼品卡兑换系统\礼品卡兑换系统\JingBaiHui.Common\Helper\DBHelper.cs:行号 322
   在 JingBaiHui.Common.DataBase.GetList[T](EntityConverter`1 converter, String cmdText, Dictionary`2 parameters, CommandType commandType) 位置 E:\MyProject\礼品卡兑换系统\礼品卡兑换系统\礼品卡兑换系统\JingBaiHui.Common\Helper\DBHelper.cs:行号 343
   在 JingBaiHui.Common.Helper.DataHelper.GetList[T](DataBase db, String sql, Dictionary`2 parameters, EntityConverter`1 converter) 位置 E:\MyProject\礼品卡兑换系统\礼品卡兑换系统\礼品卡兑换系统\JingBaiHui.Common\Helper\DataHelper.cs:行号 72
   在 EquipmentManager.Controllers.Dao.RoleDao.GetList(Role entity) 位置 E:\MyProject\github\EquipmentManager\EquipmentManager.Controllers\Dao\RoleDao.cs:行号 99
   在 EquipmentManager.Controllers.Provider.RoleProvider.GetList(Role entity) 位置 E:\MyProject\github\EquipmentManager\EquipmentManager.Controllers\Provider\RoleProvider.cs:行号 97
   在 EquipmentManager.Controllers.Provider.RoleProvider.GetRecordCount(Role searchEntity) 位置 E:\MyProject\github\EquipmentManager\EquipmentManager.Controllers\Provider\RoleProvider.cs:行号 120
   在 EquipmentManager.Controllers.Provider.RoleProvider.GetEasyUiDataList(Role entity, Int32 pageIndex, Int32 pageSize, String order) 位置 E:\MyProject\github\EquipmentManager\EquipmentManager.Controllers\Provider\RoleProvider.cs:行号 83
   在 EquipmentManager.Controllers.Controllers.RoleController.GetList(Role entity) 位置 E:\MyProject\github\EquipmentManager\EquipmentManager.Controllers\Controllers\RoleController.cs:行号 28
   在 lambda_method(Closure , ControllerBase , Object[] )
   在 System.Web.Mvc.ReflectedActionDescriptor.Execute(ControllerContext controllerContext, IDictionary`2 parameters)
   在 System.Web.Mvc.ControllerActionInvoker.InvokeActionMethod(ControllerContext controllerContext, ActionDescriptor actionDescriptor, IDictionary`2 parameters)
   在 System.Web.Mvc.Async.AsyncControllerActionInvoker.<BeginInvokeSynchronousActionMethod>b__39(IAsyncResult asyncResult, ActionInvocation innerInvokeState)
   在 System.Web.Mvc.Async.AsyncResultWrapper.WrappedAsyncResult`2.CallEndDelegate(IAsyncResult asyncResult)
   在 System.Web.Mvc.Async.AsyncControllerActionInvoker.EndInvokeActionMethod(IAsyncResult asyncResult)
   在 System.Web.Mvc.Async.AsyncControllerActionInvoker.AsyncInvocationWithFilters.<InvokeActionMethodFilterAsynchronouslyRecursive>b__3d()
   在 System.Web.Mvc.Async.AsyncControllerActionInvoker.AsyncInvocationWithFilters.<>c__DisplayClass46.<InvokeActionMethodFilterAsynchronouslyRecursive>b__3f()
   在 System.Web.Mvc.Async.AsyncControllerActionInvoker.EndInvokeActionMethodWithFilters(IAsyncResult asyncResult)
   在 System.Web.Mvc.Async.AsyncControllerActionInvoker.<>c__DisplayClass21.<>c__DisplayClass2b.<BeginInvokeAction>b__1c()
   在 System.Web.Mvc.Async.AsyncControllerActionInvoker.<>c__DisplayClass21.<BeginInvokeAction>b__1e(IAsyncResult asyncResult)


2017-01-14 19:29:58 5864  JingBaiHui.Common.DataBase.GetList
System.IndexOutOfRangeException：TenantName
服务器名称:qds207592114.my3w.com,数据库名称:qds207592114_db
SQL命令: SELECT * FROM [dbo].[Role]  WHERE 1=1 
参数:
   在 System.Data.ProviderBase.FieldNameLookup.GetOrdinal(String fieldName)
   在 System.Data.SqlClient.SqlDataReader.GetOrdinal(String name)
   在 System.Data.SqlClient.SqlDataReader.get_Item(String name)
   在 JingBaiHui.Common.IDataReaderExtensions.GetValue[T](IDataReader reader, String fieldName) 位置 E:\MyProject\礼品卡兑换系统\礼品卡兑换系统\礼品卡兑换系统\JingBaiHui.Common\Extensions\IDataReaderExtensions.cs:行号 36
   在 EquipmentManager.Controllers.Dao.RoleDao.BuildTenant(IDataReader reader, Role entity) 位置 E:\MyProject\github\EquipmentManager\EquipmentManager.Controllers\Dao\RoleDao.cs:行号 172
   在 EquipmentManager.Controllers.Dao.RoleDao.<GetList>b__8_0(IDataReader reader, Role dataModel) 位置 E:\MyProject\github\EquipmentManager\EquipmentManager.Controllers\Dao\RoleDao.cs:行号 101
   在 JingBaiHui.Common.DataBase.GetList[T](EntityConverter`1 converter, DbCommand cmd) 位置 E:\MyProject\礼品卡兑换系统\礼品卡兑换系统\礼品卡兑换系统\JingBaiHui.Common\Helper\DBHelper.cs:行号 313


2017-01-14 19:29:58 5904  EquipmentManager.Controllers.Controllers.BaseController.OnException
System.IndexOutOfRangeException：TenantName
   在 JingBaiHui.Common.DataBase.GetList[T](EntityConverter`1 converter, DbCommand cmd) 位置 E:\MyProject\礼品卡兑换系统\礼品卡兑换系统\礼品卡兑换系统\JingBaiHui.Common\Helper\DBHelper.cs:行号 322
   在 JingBaiHui.Common.DataBase.GetList[T](EntityConverter`1 converter, String cmdText, Dictionary`2 parameters, CommandType commandType) 位置 E:\MyProject\礼品卡兑换系统\礼品卡兑换系统\礼品卡兑换系统\JingBaiHui.Common\Helper\DBHelper.cs:行号 343
   在 JingBaiHui.Common.Helper.DataHelper.GetList[T](DataBase db, String sql, Dictionary`2 parameters, EntityConverter`1 converter) 位置 E:\MyProject\礼品卡兑换系统\礼品卡兑换系统\礼品卡兑换系统\JingBaiHui.Common\Helper\DataHelper.cs:行号 72
   在 EquipmentManager.Controllers.Dao.RoleDao.GetList(Role entity) 位置 E:\MyProject\github\EquipmentManager\EquipmentManager.Controllers\Dao\RoleDao.cs:行号 99
   在 EquipmentManager.Controllers.Provider.RoleProvider.GetList(Role entity) 位置 E:\MyProject\github\EquipmentManager\EquipmentManager.Controllers\Provider\RoleProvider.cs:行号 97
   在 EquipmentManager.Controllers.Provider.RoleProvider.GetRecordCount(Role searchEntity) 位置 E:\MyProject\github\EquipmentManager\EquipmentManager.Controllers\Provider\RoleProvider.cs:行号 120
   在 EquipmentManager.Controllers.Provider.RoleProvider.GetEasyUiDataList(Role entity, Int32 pageIndex, Int32 pageSize, String order) 位置 E:\MyProject\github\EquipmentManager\EquipmentManager.Controllers\Provider\RoleProvider.cs:行号 83
   在 EquipmentManager.Controllers.Controllers.RoleController.GetList(Role entity) 位置 E:\MyProject\github\EquipmentManager\EquipmentManager.Controllers\Controllers\RoleController.cs:行号 28
   在 lambda_method(Closure , ControllerBase , Object[] )
   在 System.Web.Mvc.ReflectedActionDescriptor.Execute(ControllerContext controllerContext, IDictionary`2 parameters)
   在 System.Web.Mvc.ControllerActionInvoker.InvokeActionMethod(ControllerContext controllerContext, ActionDescriptor actionDescriptor, IDictionary`2 parameters)
   在 System.Web.Mvc.Async.AsyncControllerActionInvoker.<BeginInvokeSynchronousActionMethod>b__39(IAsyncResult asyncResult, ActionInvocation innerInvokeState)
   在 System.Web.Mvc.Async.AsyncResultWrapper.WrappedAsyncResult`2.CallEndDelegate(IAsyncResult asyncResult)
   在 System.Web.Mvc.Async.AsyncControllerActionInvoker.EndInvokeActionMethod(IAsyncResult asyncResult)
   在 System.Web.Mvc.Async.AsyncControllerActionInvoker.AsyncInvocationWithFilters.<InvokeActionMethodFilterAsynchronouslyRecursive>b__3d()
   在 System.Web.Mvc.Async.AsyncControllerActionInvoker.AsyncInvocationWithFilters.<>c__DisplayClass46.<InvokeActionMethodFilterAsynchronouslyRecursive>b__3f()
   在 System.Web.Mvc.Async.AsyncControllerActionInvoker.EndInvokeActionMethodWithFilters(IAsyncResult asyncResult)
   在 System.Web.Mvc.Async.AsyncControllerActionInvoker.<>c__DisplayClass21.<>c__DisplayClass2b.<BeginInvokeAction>b__1c()
   在 System.Web.Mvc.Async.AsyncControllerActionInvoker.<>c__DisplayClass21.<BeginInvokeAction>b__1e(IAsyncResult asyncResult)


2017-01-14 19:31:32 9738  JingBaiHui.Common.DataBase.GetList
System.IndexOutOfRangeException：TenantName
服务器名称:qds207592114.my3w.com,数据库名称:qds207592114_db
SQL命令: SELECT * FROM [dbo].[Role]  WHERE 1=1 
参数:
   在 System.Data.ProviderBase.FieldNameLookup.GetOrdinal(String fieldName)
   在 System.Data.SqlClient.SqlDataReader.GetOrdinal(String name)
   在 System.Data.SqlClient.SqlDataReader.get_Item(String name)
   在 JingBaiHui.Common.IDataReaderExtensions.GetValue[T](IDataReader reader, String fieldName) 位置 E:\MyProject\礼品卡兑换系统\礼品卡兑换系统\礼品卡兑换系统\JingBaiHui.Common\Extensions\IDataReaderExtensions.cs:行号 36
   在 EquipmentManager.Controllers.Dao.RoleDao.BuildTenant(IDataReader reader, Role entity) 位置 E:\MyProject\github\EquipmentManager\EquipmentManager.Controllers\Dao\RoleDao.cs:行号 172
   在 EquipmentManager.Controllers.Dao.RoleDao.<GetList>b__8_0(IDataReader reader, Role dataModel) 位置 E:\MyProject\github\EquipmentManager\EquipmentManager.Controllers\Dao\RoleDao.cs:行号 101
   在 JingBaiHui.Common.DataBase.GetList[T](EntityConverter`1 converter, DbCommand cmd) 位置 E:\MyProject\礼品卡兑换系统\礼品卡兑换系统\礼品卡兑换系统\JingBaiHui.Common\Helper\DBHelper.cs:行号 313


2017-01-14 19:31:32 9928  EquipmentManager.Controllers.Controllers.BaseController.OnException
System.IndexOutOfRangeException：TenantName
   在 JingBaiHui.Common.DataBase.GetList[T](EntityConverter`1 converter, DbCommand cmd) 位置 E:\MyProject\礼品卡兑换系统\礼品卡兑换系统\礼品卡兑换系统\JingBaiHui.Common\Helper\DBHelper.cs:行号 322
   在 JingBaiHui.Common.DataBase.GetList[T](EntityConverter`1 converter, String cmdText, Dictionary`2 parameters, CommandType commandType) 位置 E:\MyProject\礼品卡兑换系统\礼品卡兑换系统\礼品卡兑换系统\JingBaiHui.Common\Helper\DBHelper.cs:行号 343
   在 JingBaiHui.Common.Helper.DataHelper.GetList[T](DataBase db, String sql, Dictionary`2 parameters, EntityConverter`1 converter) 位置 E:\MyProject\礼品卡兑换系统\礼品卡兑换系统\礼品卡兑换系统\JingBaiHui.Common\Helper\DataHelper.cs:行号 72
   在 EquipmentManager.Controllers.Dao.RoleDao.GetList(Role entity) 位置 E:\MyProject\github\EquipmentManager\EquipmentManager.Controllers\Dao\RoleDao.cs:行号 99
   在 EquipmentManager.Controllers.Provider.RoleProvider.GetListAll(Role entity) 位置 E:\MyProject\github\EquipmentManager\EquipmentManager.Controllers\Provider\RoleProvider.cs:行号 110
   在 EquipmentManager.Controllers.Provider.RoleProvider.GetRecordCount(Role searchEntity) 位置 E:\MyProject\github\EquipmentManager\EquipmentManager.Controllers\Provider\RoleProvider.cs:行号 120
   在 EquipmentManager.Controllers.Provider.RoleProvider.GetEasyUiDataList(Role entity, Int32 pageIndex, Int32 pageSize, String order) 位置 E:\MyProject\github\EquipmentManager\EquipmentManager.Controllers\Provider\RoleProvider.cs:行号 83
   在 EquipmentManager.Controllers.Controllers.RoleController.GetList(Role entity) 位置 E:\MyProject\github\EquipmentManager\EquipmentManager.Controllers\Controllers\RoleController.cs:行号 28
   在 lambda_method(Closure , ControllerBase , Object[] )
   在 System.Web.Mvc.ReflectedActionDescriptor.Execute(ControllerContext controllerContext, IDictionary`2 parameters)
   在 System.Web.Mvc.ControllerActionInvoker.InvokeActionMethod(ControllerContext controllerContext, ActionDescriptor actionDescriptor, IDictionary`2 parameters)
   在 System.Web.Mvc.Async.AsyncControllerActionInvoker.<BeginInvokeSynchronousActionMethod>b__39(IAsyncResult asyncResult, ActionInvocation innerInvokeState)
   在 System.Web.Mvc.Async.AsyncResultWrapper.WrappedAsyncResult`2.CallEndDelegate(IAsyncResult asyncResult)
   在 System.Web.Mvc.Async.AsyncControllerActionInvoker.EndInvokeActionMethod(IAsyncResult asyncResult)
   在 System.Web.Mvc.Async.AsyncControllerActionInvoker.AsyncInvocationWithFilters.<InvokeActionMethodFilterAsynchronouslyRecursive>b__3d()
   在 System.Web.Mvc.Async.AsyncControllerActionInvoker.AsyncInvocationWithFilters.<>c__DisplayClass46.<InvokeActionMethodFilterAsynchronouslyRecursive>b__3f()
   在 System.Web.Mvc.Async.AsyncControllerActionInvoker.EndInvokeActionMethodWithFilters(IAsyncResult asyncResult)
   在 System.Web.Mvc.Async.AsyncControllerActionInvoker.<>c__DisplayClass21.<>c__DisplayClass2b.<BeginInvokeAction>b__1c()
   在 System.Web.Mvc.Async.AsyncControllerActionInvoker.<>c__DisplayClass21.<BeginInvokeAction>b__1e(IAsyncResult asyncResult)


2017-01-14 19:32:34 8813  JingBaiHui.Common.DataBase.GetList
System.IndexOutOfRangeException：TenantName
服务器名称:qds207592114.my3w.com,数据库名称:qds207592114_db
SQL命令: SELECT * FROM [dbo].[Role]  WHERE 1=1 
参数:
   在 System.Data.ProviderBase.FieldNameLookup.GetOrdinal(String fieldName)
   在 System.Data.SqlClient.SqlDataReader.GetOrdinal(String name)
   在 System.Data.SqlClient.SqlDataReader.get_Item(String name)
   在 JingBaiHui.Common.IDataReaderExtensions.GetValue[T](IDataReader reader, String fieldName) 位置 E:\MyProject\礼品卡兑换系统\礼品卡兑换系统\礼品卡兑换系统\JingBaiHui.Common\Extensions\IDataReaderExtensions.cs:行号 36
   在 EquipmentManager.Controllers.Dao.RoleDao.BuildTenant(IDataReader reader, Role entity) 位置 E:\MyProject\github\EquipmentManager\EquipmentManager.Controllers\Dao\RoleDao.cs:行号 172
   在 EquipmentManager.Controllers.Dao.RoleDao.<GetList>b__8_0(IDataReader reader, Role dataModel) 位置 E:\MyProject\github\EquipmentManager\EquipmentManager.Controllers\Dao\RoleDao.cs:行号 101
   在 JingBaiHui.Common.DataBase.GetList[T](EntityConverter`1 converter, DbCommand cmd) 位置 E:\MyProject\礼品卡兑换系统\礼品卡兑换系统\礼品卡兑换系统\JingBaiHui.Common\Helper\DBHelper.cs:行号 313


2017-01-14 19:32:34 8823  EquipmentManager.Controllers.Controllers.BaseController.OnException
System.IndexOutOfRangeException：TenantName
   在 JingBaiHui.Common.DataBase.GetList[T](EntityConverter`1 converter, DbCommand cmd) 位置 E:\MyProject\礼品卡兑换系统\礼品卡兑换系统\礼品卡兑换系统\JingBaiHui.Common\Helper\DBHelper.cs:行号 322
   在 JingBaiHui.Common.DataBase.GetList[T](EntityConverter`1 converter, String cmdText, Dictionary`2 parameters, CommandType commandType) 位置 E:\MyProject\礼品卡兑换系统\礼品卡兑换系统\礼品卡兑换系统\JingBaiHui.Common\Helper\DBHelper.cs:行号 343
   在 JingBaiHui.Common.Helper.DataHelper.GetList[T](DataBase db, String sql, Dictionary`2 parameters, EntityConverter`1 converter) 位置 E:\MyProject\礼品卡兑换系统\礼品卡兑换系统\礼品卡兑换系统\JingBaiHui.Common\Helper\DataHelper.cs:行号 72
   在 EquipmentManager.Controllers.Dao.RoleDao.GetList(Role entity) 位置 E:\MyProject\github\EquipmentManager\EquipmentManager.Controllers\Dao\RoleDao.cs:行号 99
   在 EquipmentManager.Controllers.Provider.RoleProvider.GetListAll(Role entity) 位置 E:\MyProject\github\EquipmentManager\EquipmentManager.Controllers\Provider\RoleProvider.cs:行号 110
   在 EquipmentManager.Controllers.Provider.RoleProvider.GetRecordCount(Role searchEntity) 位置 E:\MyProject\github\EquipmentManager\EquipmentManager.Controllers\Provider\RoleProvider.cs:行号 120
   在 EquipmentManager.Controllers.Provider.RoleProvider.GetEasyUiDataList(Role entity, Int32 pageIndex, Int32 pageSize, String order) 位置 E:\MyProject\github\EquipmentManager\EquipmentManager.Controllers\Provider\RoleProvider.cs:行号 83
   在 EquipmentManager.Controllers.Controllers.RoleController.GetList(Role entity) 位置 E:\MyProject\github\EquipmentManager\EquipmentManager.Controllers\Controllers\RoleController.cs:行号 28
   在 lambda_method(Closure , ControllerBase , Object[] )
   在 System.Web.Mvc.ReflectedActionDescriptor.Execute(ControllerContext controllerContext, IDictionary`2 parameters)
   在 System.Web.Mvc.ControllerActionInvoker.InvokeActionMethod(ControllerContext controllerContext, ActionDescriptor actionDescriptor, IDictionary`2 parameters)
   在 System.Web.Mvc.Async.AsyncControllerActionInvoker.<BeginInvokeSynchronousActionMethod>b__39(IAsyncResult asyncResult, ActionInvocation innerInvokeState)
   在 System.Web.Mvc.Async.AsyncResultWrapper.WrappedAsyncResult`2.CallEndDelegate(IAsyncResult asyncResult)
   在 System.Web.Mvc.Async.AsyncControllerActionInvoker.EndInvokeActionMethod(IAsyncResult asyncResult)
   在 System.Web.Mvc.Async.AsyncControllerActionInvoker.AsyncInvocationWithFilters.<InvokeActionMethodFilterAsynchronouslyRecursive>b__3d()
   在 System.Web.Mvc.Async.AsyncControllerActionInvoker.AsyncInvocationWithFilters.<>c__DisplayClass46.<InvokeActionMethodFilterAsynchronouslyRecursive>b__3f()
   在 System.Web.Mvc.Async.AsyncControllerActionInvoker.EndInvokeActionMethodWithFilters(IAsyncResult asyncResult)
   在 System.Web.Mvc.Async.AsyncControllerActionInvoker.<>c__DisplayClass21.<>c__DisplayClass2b.<BeginInvokeAction>b__1c()
   在 System.Web.Mvc.Async.AsyncControllerActionInvoker.<>c__DisplayClass21.<BeginInvokeAction>b__1e(IAsyncResult asyncResult)


2017-01-14 19:42:35 3677  JingBaiHui.Common.DataBase.GetList
System.Data.SqlClient.SqlException：在与 SQL Server 建立连接时出现与网络相关的或特定于实例的错误。未找到或无法访问服务器。请验证实例名称是否正确并且 SQL Server 已配置为允许远程连接。 (provider: Named Pipes Provider, error: 40 - 无法打开到 SQL Server 的连接)
服务器名称:qds207592114.my3w.com,数据库名称:qds207592114_db
SQL命令: SELECT * FROM [dbo].[Tenant] 
参数:
   在 System.Data.SqlClient.SqlInternalConnectionTds..ctor(DbConnectionPoolIdentity identity, SqlConnectionString connectionOptions, SqlCredential credential, Object providerInfo, String newPassword, SecureString newSecurePassword, Boolean redirectedUserInstance, SqlConnectionString userConnectionOptions, SessionData reconnectSessionData, DbConnectionPool pool, String accessToken, Boolean applyTransientFaultHandling)
   在 System.Data.SqlClient.SqlConnectionFactory.CreateConnection(DbConnectionOptions options, DbConnectionPoolKey poolKey, Object poolGroupProviderInfo, DbConnectionPool pool, DbConnection owningConnection, DbConnectionOptions userOptions)
   在 System.Data.ProviderBase.DbConnectionFactory.CreatePooledConnection(DbConnectionPool pool, DbConnection owningObject, DbConnectionOptions options, DbConnectionPoolKey poolKey, DbConnectionOptions userOptions)
   在 System.Data.ProviderBase.DbConnectionPool.CreateObject(DbConnection owningObject, DbConnectionOptions userOptions, DbConnectionInternal oldConnection)
   在 System.Data.ProviderBase.DbConnectionPool.UserCreateRequest(DbConnection owningObject, DbConnectionOptions userOptions, DbConnectionInternal oldConnection)
   在 System.Data.ProviderBase.DbConnectionPool.TryGetConnection(DbConnection owningObject, UInt32 waitForMultipleObjectsTimeout, Boolean allowCreate, Boolean onlyOneCheckConnection, DbConnectionOptions userOptions, DbConnectionInternal& connection)
   在 System.Data.ProviderBase.DbConnectionPool.TryGetConnection(DbConnection owningObject, TaskCompletionSource`1 retry, DbConnectionOptions userOptions, DbConnectionInternal& connection)
   在 System.Data.ProviderBase.DbConnectionFactory.TryGetConnection(DbConnection owningConnection, TaskCompletionSource`1 retry, DbConnectionOptions userOptions, DbConnectionInternal oldConnection, DbConnectionInternal& connection)
   在 System.Data.ProviderBase.DbConnectionInternal.TryOpenConnectionInternal(DbConnection outerConnection, DbConnectionFactory connectionFactory, TaskCompletionSource`1 retry, DbConnectionOptions userOptions)
   在 System.Data.SqlClient.SqlConnection.TryOpenInner(TaskCompletionSource`1 retry)
   在 System.Data.SqlClient.SqlConnection.TryOpen(TaskCompletionSource`1 retry)
   在 System.Data.SqlClient.SqlConnection.Open()
   在 JingBaiHui.Common.DataBase.GetList[T](EntityConverter`1 converter, DbCommand cmd) 位置 E:\MyProject\礼品卡兑换系统\礼品卡兑换系统\礼品卡兑换系统\JingBaiHui.Common\Helper\DBHelper.cs:行号 308


2017-01-14 19:42:35 3837  EquipmentManager.Controllers.Controllers.BaseController.OnException
System.Data.SqlClient.SqlException：在与 SQL Server 建立连接时出现与网络相关的或特定于实例的错误。未找到或无法访问服务器。请验证实例名称是否正确并且 SQL Server 已配置为允许远程连接。 (provider: Named Pipes Provider, error: 40 - 无法打开到 SQL Server 的连接)
   在 JingBaiHui.Common.DataBase.GetList[T](EntityConverter`1 converter, DbCommand cmd) 位置 E:\MyProject\礼品卡兑换系统\礼品卡兑换系统\礼品卡兑换系统\JingBaiHui.Common\Helper\DBHelper.cs:行号 322
   在 JingBaiHui.Common.DataBase.GetList[T](EntityConverter`1 converter, String cmdText, Dictionary`2 parameters, CommandType commandType) 位置 E:\MyProject\礼品卡兑换系统\礼品卡兑换系统\礼品卡兑换系统\JingBaiHui.Common\Helper\DBHelper.cs:行号 343
   在 JingBaiHui.Common.Helper.DataHelper.GetList[T](DataBase db, String sql, Dictionary`2 parameters, EntityConverter`1 converter) 位置 E:\MyProject\礼品卡兑换系统\礼品卡兑换系统\礼品卡兑换系统\JingBaiHui.Common\Helper\DataHelper.cs:行号 72
   在 EquipmentManager.Controllers.Dao.TenantDao.GetList(Tenant entity) 位置 E:\MyProject\github\EquipmentManager\EquipmentManager.Controllers\Dao\TenantDao.cs:行号 100
   在 EquipmentManager.Controllers.Provider.TenantProvider.GetList(Tenant entity) 位置 E:\MyProject\github\EquipmentManager\EquipmentManager.Controllers\Provider\TenantProvider.cs:行号 97
   在 EquipmentManager.Controllers.Controllers.TenantController.GetList() 位置 E:\MyProject\github\EquipmentManager\EquipmentManager.Controllers\Controllers\TenantController.cs:行号 34
   在 lambda_method(Closure , ControllerBase , Object[] )
   在 System.Web.Mvc.ReflectedActionDescriptor.Execute(ControllerContext controllerContext, IDictionary`2 parameters)
   在 System.Web.Mvc.ControllerActionInvoker.InvokeActionMethod(ControllerContext controllerContext, ActionDescriptor actionDescriptor, IDictionary`2 parameters)
   在 System.Web.Mvc.Async.AsyncControllerActionInvoker.<BeginInvokeSynchronousActionMethod>b__39(IAsyncResult asyncResult, ActionInvocation innerInvokeState)
   在 System.Web.Mvc.Async.AsyncResultWrapper.WrappedAsyncResult`2.CallEndDelegate(IAsyncResult asyncResult)
   在 System.Web.Mvc.Async.AsyncControllerActionInvoker.EndInvokeActionMethod(IAsyncResult asyncResult)
   在 System.Web.Mvc.Async.AsyncControllerActionInvoker.AsyncInvocationWithFilters.<InvokeActionMethodFilterAsynchronouslyRecursive>b__3d()
   在 System.Web.Mvc.Async.AsyncControllerActionInvoker.AsyncInvocationWithFilters.<>c__DisplayClass46.<InvokeActionMethodFilterAsynchronouslyRecursive>b__3f()
   在 System.Web.Mvc.Async.AsyncControllerActionInvoker.EndInvokeActionMethodWithFilters(IAsyncResult asyncResult)
   在 System.Web.Mvc.Async.AsyncControllerActionInvoker.<>c__DisplayClass21.<>c__DisplayClass2b.<BeginInvokeAction>b__1c()
   在 System.Web.Mvc.Async.AsyncControllerActionInvoker.<>c__DisplayClass21.<BeginInvokeAction>b__1e(IAsyncResult asyncResult)

